;  LST file generated by mikroListExporter - v.2.0 
; Date/Time: 8/8/2024 10:55:36 AM
;----------------------------------------------

;Address Opcode 	ASM
0x0000	0x2D76      	GOTO       1398
_interrupt:
0x0004	0x00FF      	MOVWF      R15
0x0005	0x0E03      	SWAPF      STATUS, 0
0x0006	0x0183      	CLRF       STATUS
0x0007	0x00AB      	MOVWF      ___saveSTATUS
0x0008	0x080A      	MOVF       PCLATH, 0
0x0009	0x00AA      	MOVWF      ___savePCLATH
0x000A	0x018A      	CLRF       PCLATH
;Traffic_Light.c,26 :: 		void interrupt(){
;Traffic_Light.c,27 :: 		if(INTF_bit==1){
0x000B	0x1C8B      	BTFSS      INTF_bit, BitPos(INTF_bit+0)
0x000C	0x280F      	GOTO       L_interrupt0
;Traffic_Light.c,28 :: 		INTF_bit=0;
0x000D	0x108B      	BCF        INTF_bit, BitPos(INTF_bit+0)
;Traffic_Light.c,29 :: 		counter2++;
0x000E	0x0AA1      	INCF       _counter2, 1
;Traffic_Light.c,30 :: 		}
L_interrupt0:
;Traffic_Light.c,31 :: 		}
L_end_interrupt:
L__interrupt99:
0x000F	0x082A      	MOVF       ___savePCLATH, 0
0x0010	0x008A      	MOVWF      PCLATH
0x0011	0x0E2B      	SWAPF      ___saveSTATUS, 0
0x0012	0x0083      	MOVWF      STATUS
0x0013	0x0EFF      	SWAPF      R15, 1
0x0014	0x0E7F      	SWAPF      R15, 0
0x0015	0x0009      	RETFIE
; end of _interrupt
_Div_16x16_S_L:
;__Lib_Math.c,421 :: 		
;__Lib_Math.c,427 :: 		
0x0016	0x0D71      	RLF        R1, 0
;__Lib_Math.c,428 :: 		
0x0017	0x0DF8      	RLF        R8, 1
;__Lib_Math.c,429 :: 		
0x0018	0x0DF9      	RLF        R9, 1
;__Lib_Math.c,430 :: 		
0x0019	0x0874      	MOVF       R4, 0
;__Lib_Math.c,431 :: 		
0x001A	0x02F8      	SUBWF      R8, 1
;__Lib_Math.c,432 :: 		
0x001B	0x0875      	MOVF       R5, 0
;__Lib_Math.c,433 :: 		
0x001C	0x1C03      	BTFSS      STATUS, 0
;__Lib_Math.c,434 :: 		
0x001D	0x0F75      	INCFSZ     R5, 0
;__Lib_Math.c,435 :: 		
0x001E	0x02F9      	SUBWF      R9, 1
;__Lib_Math.c,436 :: 		
0x001F	0x0DF0      	RLF        R0, 1
;__Lib_Math.c,437 :: 		
0x0020	0x0DF1      	RLF        R1, 1
;__Lib_Math.c,439 :: 		
0x0021	0x300F      	MOVLW      15
;__Lib_Math.c,440 :: 		
0x0022	0x00FC      	MOVWF      R12
;__Lib_Math.c,442 :: 		
0x0023	0x0D71      	RLF        R1, 0
;__Lib_Math.c,443 :: 		
0x0024	0x0DF8      	RLF        R8, 1
;__Lib_Math.c,444 :: 		
0x0025	0x0DF9      	RLF        R9, 1
;__Lib_Math.c,445 :: 		
0x0026	0x0874      	MOVF       R4, 0
;__Lib_Math.c,447 :: 		
0x0027	0x1C70      	BTFSS      R0, 0
;__Lib_Math.c,448 :: 		
0x0028	0x282F      	GOTO       $+7
;__Lib_Math.c,449 :: 		
0x0029	0x02F8      	SUBWF      R8, 1
;__Lib_Math.c,450 :: 		
0x002A	0x0875      	MOVF       R5, 0
;__Lib_Math.c,451 :: 		
0x002B	0x1C03      	BTFSS      STATUS, 0
;__Lib_Math.c,452 :: 		
0x002C	0x0F75      	INCFSZ     R5, 0
;__Lib_Math.c,453 :: 		
0x002D	0x02F9      	SUBWF      R9, 1
;__Lib_Math.c,454 :: 		
0x002E	0x2834      	GOTO       $+6
;__Lib_Math.c,456 :: 		
0x002F	0x07F8      	ADDWF      R8, 1
;__Lib_Math.c,457 :: 		
0x0030	0x0875      	MOVF       R5, 0
;__Lib_Math.c,458 :: 		
0x0031	0x1803      	BTFSC      STATUS, 0
;__Lib_Math.c,459 :: 		
0x0032	0x0F75      	INCFSZ     R5, 0
;__Lib_Math.c,460 :: 		
0x0033	0x07F9      	ADDWF      R9, 1
;__Lib_Math.c,462 :: 		
0x0034	0x0DF0      	RLF        R0, 1
;__Lib_Math.c,463 :: 		
0x0035	0x0DF1      	RLF        R1, 1
;__Lib_Math.c,465 :: 		
0x0036	0x0BFC      	DECFSZ     R12, 1
;__Lib_Math.c,466 :: 		
0x0037	0x2823      	GOTO       $-20
;__Lib_Math.c,468 :: 		
0x0038	0x1870      	BTFSC      R0, 0
;__Lib_Math.c,469 :: 		
0x0039	0x2840      	GOTO       $+7
;__Lib_Math.c,470 :: 		
0x003A	0x0874      	MOVF       R4, 0
;__Lib_Math.c,471 :: 		
0x003B	0x07F8      	ADDWF      R8, 1
;__Lib_Math.c,472 :: 		
0x003C	0x0875      	MOVF       R5, 0
;__Lib_Math.c,473 :: 		
0x003D	0x1803      	BTFSC      STATUS, 0
;__Lib_Math.c,474 :: 		
0x003E	0x0F75      	INCFSZ     R5, 0
;__Lib_Math.c,475 :: 		
0x003F	0x07F9      	ADDWF      R9, 1
;__Lib_Math.c,476 :: 		
0x0040	0x0000      	NOP
;__Lib_Math.c,478 :: 		
L_end_Div_16x16_S_L:
0x0041	0x0008      	RETURN
; end of _Div_16x16_S_L
_Div_8X8_S:
;__Lib_Math.c,607 :: 		
;__Lib_Math.c,615 :: 		
0x0042	0x1283      	BCF        STATUS, 5
;__Lib_Math.c,616 :: 		
0x0043	0x1303      	BCF        STATUS, 6
;__Lib_Math.c,617 :: 		
0x0044	0x01FD      	CLRF       R13
;__Lib_Math.c,618 :: 		
0x0045	0x01F8      	CLRF       R8
;__Lib_Math.c,619 :: 		
0x0046	0x0870      	MOVF       R0, 0
;__Lib_Math.c,620 :: 		
0x0047	0x1903      	BTFSC      STATUS, 2
;__Lib_Math.c,621 :: 		
0x0048	0x3400      	RETLW      0
;__Lib_Math.c,622 :: 		
0x0049	0x0674      	XORWF      R4, 0
;__Lib_Math.c,623 :: 		
0x004A	0x00FA      	MOVWF      R10
;__Lib_Math.c,624 :: 		
0x004B	0x1BFA      	BTFSC      R10, 7
;__Lib_Math.c,625 :: 		
0x004C	0x09FD      	COMF       R13, 1
;__Lib_Math.c,626 :: 		
0x004D	0x01FB      	CLRF       R11
;__Lib_Math.c,627 :: 		
0x004E	0x1FF4      	BTFSS      R4, 7
;__Lib_Math.c,628 :: 		
0x004F	0x2852      	GOTO       $+3
;__Lib_Math.c,629 :: 		
0x0050	0x09F4      	COMF       R4, 1
;__Lib_Math.c,630 :: 		
0x0051	0x0AF4      	INCF       R4, 1
;__Lib_Math.c,631 :: 		
0x0052	0x1FF0      	BTFSS      R0, 7
;__Lib_Math.c,632 :: 		
0x0053	0x2856      	GOTO       $+3
;__Lib_Math.c,633 :: 		
0x0054	0x09F0      	COMF       R0, 1
;__Lib_Math.c,634 :: 		
0x0055	0x0AF0      	INCF       R0, 1
;__Lib_Math.c,635 :: 		
0x0056	0x0870      	MOVF       R0, 0
;__Lib_Math.c,636 :: 		
0x0057	0x0474      	IORWF      R4, 0
;__Lib_Math.c,637 :: 		
0x0058	0x00FA      	MOVWF      R10
;__Lib_Math.c,638 :: 		
0x0059	0x1BFA      	BTFSC      R10, 7
;__Lib_Math.c,639 :: 		
0x005A	0x287A      	GOTO       $+32
;__Lib_Math.c,640 :: 		
0x005B	0x0874      	MOVF       R4, 0
;__Lib_Math.c,641 :: 		
0x005C	0x02F8      	SUBWF      R8, 1
;__Lib_Math.c,642 :: 		
0x005D	0x0DF0      	RLF        R0, 1
;__Lib_Math.c,643 :: 		
0x005E	0x0D70      	RLF        R0, 0
;__Lib_Math.c,644 :: 		
0x005F	0x0DF8      	RLF        R8, 1
;__Lib_Math.c,645 :: 		
0x0060	0x0874      	MOVF       R4, 0
;__Lib_Math.c,646 :: 		
0x0061	0x07F8      	ADDWF      R8, 1
;__Lib_Math.c,647 :: 		
0x0062	0x0DF0      	RLF        R0, 1
;__Lib_Math.c,648 :: 		
0x0063	0x3006      	MOVLW      6
;__Lib_Math.c,649 :: 		
0x0064	0x00FC      	MOVWF      R12
;__Lib_Math.c,650 :: 		
0x0065	0x0D70      	RLF        R0, 0
;__Lib_Math.c,651 :: 		
0x0066	0x0DF8      	RLF        R8, 1
;__Lib_Math.c,652 :: 		
0x0067	0x0874      	MOVF       R4, 0
;__Lib_Math.c,653 :: 		
0x0068	0x1870      	BTFSC      R0, 0
;__Lib_Math.c,654 :: 		
0x0069	0x02F8      	SUBWF      R8, 1
;__Lib_Math.c,655 :: 		
0x006A	0x1C70      	BTFSS      R0, 0
;__Lib_Math.c,656 :: 		
0x006B	0x07F8      	ADDWF      R8, 1
;__Lib_Math.c,657 :: 		
0x006C	0x0DF0      	RLF        R0, 1
;__Lib_Math.c,658 :: 		
0x006D	0x0BFC      	DECFSZ     R12, 1
;__Lib_Math.c,659 :: 		
0x006E	0x2865      	GOTO       $-9
;__Lib_Math.c,660 :: 		
0x006F	0x1C70      	BTFSS      R0, 0
;__Lib_Math.c,661 :: 		
0x0070	0x07F8      	ADDWF      R8, 1
;__Lib_Math.c,662 :: 		
0x0071	0x187B      	BTFSC      R11, 0
;__Lib_Math.c,663 :: 		
0x0072	0x2888      	GOTO       $+22
;__Lib_Math.c,664 :: 		
0x0073	0x1FFD      	BTFSS      R13, 7
;__Lib_Math.c,665 :: 		
0x0074	0x3400      	RETLW      0
;__Lib_Math.c,666 :: 		
0x0075	0x09F0      	COMF       R0, 1
;__Lib_Math.c,667 :: 		
0x0076	0x0AF0      	INCF       R0, 1
;__Lib_Math.c,668 :: 		
0x0077	0x09F8      	COMF       R8, 1
;__Lib_Math.c,669 :: 		
0x0078	0x0AF8      	INCF       R8, 1
;__Lib_Math.c,670 :: 		
0x0079	0x3400      	RETLW      0
;__Lib_Math.c,671 :: 		
0x007A	0x1FF4      	BTFSS      R4, 7
;__Lib_Math.c,672 :: 		
0x007B	0x2885      	GOTO       $+10
;__Lib_Math.c,673 :: 		
0x007C	0x1BF0      	BTFSC      R0, 7
;__Lib_Math.c,674 :: 		
0x007D	0x2882      	GOTO       $+5
;__Lib_Math.c,675 :: 		
0x007E	0x0870      	MOVF       R0, 0
;__Lib_Math.c,676 :: 		
0x007F	0x00F8      	MOVWF      R8
;__Lib_Math.c,677 :: 		
0x0080	0x01F0      	CLRF       R0
;__Lib_Math.c,678 :: 		
0x0081	0x2873      	GOTO       $-14
;__Lib_Math.c,679 :: 		
0x0082	0x01F0      	CLRF       R0
;__Lib_Math.c,680 :: 		
0x0083	0x0AF0      	INCF       R0, 1
;__Lib_Math.c,681 :: 		
0x0084	0x3400      	RETLW      0
;__Lib_Math.c,682 :: 		
0x0085	0x09F0      	COMF       R0, 1
;__Lib_Math.c,683 :: 		
0x0086	0x0AFB      	INCF       R11, 1
;__Lib_Math.c,684 :: 		
0x0087	0x285B      	GOTO       $-44
;__Lib_Math.c,685 :: 		
0x0088	0x0AF8      	INCF       R8, 1
;__Lib_Math.c,686 :: 		
0x0089	0x0874      	MOVF       R4, 0
;__Lib_Math.c,687 :: 		
0x008A	0x0278      	SUBWF      R8, 0
;__Lib_Math.c,688 :: 		
0x008B	0x1D03      	BTFSS      STATUS, 2
;__Lib_Math.c,689 :: 		
0x008C	0x2873      	GOTO       $-25
;__Lib_Math.c,690 :: 		
0x008D	0x01F8      	CLRF       R8
;__Lib_Math.c,691 :: 		
0x008E	0x0AF0      	INCF       R0, 1
;__Lib_Math.c,692 :: 		
0x008F	0x1FF0      	BTFSS      R0, 7
;__Lib_Math.c,693 :: 		
0x0090	0x2873      	GOTO       $-29
;__Lib_Math.c,694 :: 		
0x0091	0x34FF      	RETLW      255
;__Lib_Math.c,696 :: 		
L_end_Div_8X8_S:
0x0092	0x0008      	RETURN
; end of _Div_8X8_S
_____DoICP:
;__Lib_System.c,6 :: 		
;__Lib_System.c,9 :: 		
0x0093	0x1283      	BCF        STATUS, 5
0x0094	0x1303      	BCF        STATUS, 6
0x0095	0x0826      	MOVF       ___DoICPAddr+1, 0
0x0096	0x008A      	MOVWF      PCLATH
;__Lib_System.c,10 :: 		
0x0097	0x0825      	MOVF       ___DoICPAddr, 0
0x0098	0x0082      	MOVWF      PCL
;__Lib_System.c,12 :: 		
L_end_____DoICP:
0x0099	0x0008      	RETURN
; end of _____DoICP
_Div_16x16_S:
;__Lib_Math.c,480 :: 		
;__Lib_Math.c,488 :: 		
0x009A	0x1283      	BCF        STATUS, 5
0x009B	0x1303      	BCF        STATUS, 6
0x009C	0x0874      	MOVF       R4, 0
0x009D	0x3A00      	XORLW      0
0x009E	0x1D03      	BTFSS      STATUS, 2
0x009F	0x28A9      	GOTO       L_Div_16x16_S0
;__Lib_Math.c,489 :: 		
0x00A0	0x0875      	MOVF       R5, 0
0x00A1	0x3A00      	XORLW      0
0x00A2	0x1D03      	BTFSS      STATUS, 2
0x00A3	0x28A9      	GOTO       L_Div_16x16_S1
;__Lib_Math.c,490 :: 		
0x00A4	0x30FF      	MOVLW      255
0x00A5	0x00F0      	MOVWF      R0
;__Lib_Math.c,491 :: 		
0x00A6	0x307F      	MOVLW      127
0x00A7	0x00F1      	MOVWF      R1
;__Lib_Math.c,492 :: 		
0x00A8	0x2902      	GOTO       L_end_Div_16x16_S
;__Lib_Math.c,493 :: 		
L_Div_16x16_S1:
L_Div_16x16_S0:
;__Lib_Math.c,496 :: 		
0x00A9	0x1283      	BCF        STATUS, 5
;__Lib_Math.c,497 :: 		
0x00AA	0x1303      	BCF        STATUS, 6
;__Lib_Math.c,498 :: 		
0x00AB	0x01FD      	CLRF       R13
;__Lib_Math.c,499 :: 		
0x00AC	0x01F9      	CLRF       R9
;__Lib_Math.c,500 :: 		
0x00AD	0x01F8      	CLRF       R8
;__Lib_Math.c,501 :: 		
0x00AE	0x0871      	MOVF       R1, 0
;__Lib_Math.c,502 :: 		
0x00AF	0x0470      	IORWF      R0, 0
;__Lib_Math.c,503 :: 		
0x00B0	0x1903      	BTFSC      STATUS, 2
;__Lib_Math.c,504 :: 		
0x00B1	0x3400      	RETLW      0
;__Lib_Math.c,506 :: 		
0x00B2	0x0871      	MOVF       R1, 0
;__Lib_Math.c,507 :: 		
0x00B3	0x0675      	XORWF      R5, 0
;__Lib_Math.c,508 :: 		
0x00B4	0x00FA      	MOVWF      R10
;__Lib_Math.c,509 :: 		
0x00B5	0x1BFA      	BTFSC      R10, 7
;__Lib_Math.c,510 :: 		
0x00B6	0x09FD      	COMF       R13, 1
;__Lib_Math.c,512 :: 		
0x00B7	0x01FB      	CLRF       R11
;__Lib_Math.c,514 :: 		
0x00B8	0x1FF5      	BTFSS      R5, 7
;__Lib_Math.c,515 :: 		
0x00B9	0x28BF      	GOTO       $+6
;__Lib_Math.c,517 :: 		
0x00BA	0x09F4      	COMF       R4, 1
;__Lib_Math.c,518 :: 		
0x00BB	0x09F5      	COMF       R5, 1
;__Lib_Math.c,519 :: 		
0x00BC	0x0AF4      	INCF       R4, 1
;__Lib_Math.c,520 :: 		
0x00BD	0x1903      	BTFSC      STATUS, 2
;__Lib_Math.c,521 :: 		
0x00BE	0x0AF5      	INCF       R5, 1
;__Lib_Math.c,523 :: 		
0x00BF	0x1FF1      	BTFSS      R1, 7
;__Lib_Math.c,524 :: 		
0x00C0	0x28C6      	GOTO       $+6
;__Lib_Math.c,526 :: 		
0x00C1	0x09F0      	COMF       R0, 1
;__Lib_Math.c,527 :: 		
0x00C2	0x09F1      	COMF       R1, 1
;__Lib_Math.c,528 :: 		
0x00C3	0x0AF0      	INCF       R0, 1
;__Lib_Math.c,529 :: 		
0x00C4	0x1903      	BTFSC      STATUS, 2
;__Lib_Math.c,530 :: 		
0x00C5	0x0AF1      	INCF       R1, 1
;__Lib_Math.c,532 :: 		
0x00C6	0x0871      	MOVF       R1, 0
;__Lib_Math.c,533 :: 		
0x00C7	0x0475      	IORWF      R5, 0
;__Lib_Math.c,534 :: 		
0x00C8	0x00FA      	MOVWF      R10
;__Lib_Math.c,535 :: 		
0x00C9	0x1BFA      	BTFSC      R10, 7
;__Lib_Math.c,536 :: 		
0x00CA	0x28DB      	GOTO       $+17
;__Lib_Math.c,538 :: 		
0x00CB	0x2016      	CALL       _Div_16x16_S_L
;__Lib_Math.c,540 :: 		
0x00CC	0x187B      	BTFSC      R11, 0
;__Lib_Math.c,541 :: 		
0x00CD	0x28EE      	GOTO       $+33
;__Lib_Math.c,543 :: 		
0x00CE	0x1FFD      	BTFSS      R13, 7
;__Lib_Math.c,544 :: 		
0x00CF	0x3400      	RETLW      0
;__Lib_Math.c,546 :: 		
0x00D0	0x09F0      	COMF       R0, 1
;__Lib_Math.c,547 :: 		
0x00D1	0x09F1      	COMF       R1, 1
;__Lib_Math.c,548 :: 		
0x00D2	0x0AF0      	INCF       R0, 1
;__Lib_Math.c,549 :: 		
0x00D3	0x1903      	BTFSC      STATUS, 2
;__Lib_Math.c,550 :: 		
0x00D4	0x0AF1      	INCF       R1, 1
;__Lib_Math.c,552 :: 		
0x00D5	0x09F8      	COMF       R8, 1
;__Lib_Math.c,553 :: 		
0x00D6	0x09F9      	COMF       R9, 1
;__Lib_Math.c,554 :: 		
0x00D7	0x0AF8      	INCF       R8, 1
;__Lib_Math.c,555 :: 		
0x00D8	0x1903      	BTFSC      STATUS, 2
;__Lib_Math.c,556 :: 		
0x00D9	0x0AF9      	INCF       R9, 1
;__Lib_Math.c,558 :: 		
0x00DA	0x3400      	RETLW      0
;__Lib_Math.c,560 :: 		
0x00DB	0x1FF5      	BTFSS      R5, 7
;__Lib_Math.c,561 :: 		
0x00DC	0x28EA      	GOTO       $+14
;__Lib_Math.c,562 :: 		
0x00DD	0x1BF1      	BTFSC      R1, 7
;__Lib_Math.c,563 :: 		
0x00DE	0x28E6      	GOTO       $+8
;__Lib_Math.c,564 :: 		
0x00DF	0x0871      	MOVF       R1, 0
;__Lib_Math.c,565 :: 		
0x00E0	0x00F9      	MOVWF      R9
;__Lib_Math.c,566 :: 		
0x00E1	0x0870      	MOVF       R0, 0
;__Lib_Math.c,567 :: 		
0x00E2	0x00F8      	MOVWF      R8
;__Lib_Math.c,568 :: 		
0x00E3	0x01F1      	CLRF       R1
;__Lib_Math.c,569 :: 		
0x00E4	0x01F0      	CLRF       R0
;__Lib_Math.c,570 :: 		
0x00E5	0x28CE      	GOTO       $-23
;__Lib_Math.c,571 :: 		
0x00E6	0x01F1      	CLRF       R1
;__Lib_Math.c,572 :: 		
0x00E7	0x01F0      	CLRF       R0
;__Lib_Math.c,573 :: 		
0x00E8	0x0AF0      	INCF       R0, 1
;__Lib_Math.c,574 :: 		
0x00E9	0x3400      	RETLW      0
;__Lib_Math.c,576 :: 		
0x00EA	0x09F1      	COMF       R1, 1
;__Lib_Math.c,577 :: 		
0x00EB	0x09F0      	COMF       R0, 1
;__Lib_Math.c,578 :: 		
0x00EC	0x0AFB      	INCF       R11, 1
;__Lib_Math.c,579 :: 		
0x00ED	0x28CB      	GOTO       $-34
;__Lib_Math.c,581 :: 		
0x00EE	0x0AF8      	INCF       R8, 1
;__Lib_Math.c,582 :: 		
0x00EF	0x1903      	BTFSC      STATUS, 2
;__Lib_Math.c,583 :: 		
0x00F0	0x0AF9      	INCF       R9, 1
;__Lib_Math.c,584 :: 		
0x00F1	0x0874      	MOVF       R4, 0
;__Lib_Math.c,585 :: 		
0x00F2	0x0278      	SUBWF      R8, 0
;__Lib_Math.c,586 :: 		
0x00F3	0x1D03      	BTFSS      STATUS, 2
;__Lib_Math.c,587 :: 		
0x00F4	0x28CE      	GOTO       $-38
;__Lib_Math.c,588 :: 		
0x00F5	0x0875      	MOVF       R5, 0
;__Lib_Math.c,589 :: 		
0x00F6	0x0279      	SUBWF      R9, 0
;__Lib_Math.c,590 :: 		
0x00F7	0x1D03      	BTFSS      STATUS, 2
;__Lib_Math.c,591 :: 		
0x00F8	0x28CE      	GOTO       $-42
;__Lib_Math.c,592 :: 		
0x00F9	0x01F9      	CLRF       R9
;__Lib_Math.c,593 :: 		
0x00FA	0x01F8      	CLRF       R8
;__Lib_Math.c,594 :: 		
0x00FB	0x0AF0      	INCF       R0, 1
;__Lib_Math.c,595 :: 		
0x00FC	0x1903      	BTFSC      STATUS, 2
;__Lib_Math.c,596 :: 		
0x00FD	0x0AF1      	INCF       R1, 1
;__Lib_Math.c,597 :: 		
0x00FE	0x1FF1      	BTFSS      R1, 7
;__Lib_Math.c,598 :: 		
0x00FF	0x28CE      	GOTO       $-49
;__Lib_Math.c,599 :: 		
0x0100	0x0000      	NOP
;__Lib_Math.c,600 :: 		
0x0101	0x34FF      	RETLW      255
;__Lib_Math.c,602 :: 		
L_end_Div_16x16_S:
0x0102	0x0008      	RETURN
; end of _Div_16x16_S
_Automatic:
;Traffic_Light.c,242 :: 		void Automatic(){
;Traffic_Light.c,243 :: 		SOUTH_RED=0;
0x0103	0x1283      	BCF        STATUS, 5
0x0104	0x1303      	BCF        STATUS, 6
0x0105	0x1008      	BCF        PORTD, 0
;Traffic_Light.c,244 :: 		WEST_RED=0;
0x0106	0x1188      	BCF        PORTD, 3
;Traffic_Light.c,245 :: 		SOUTH_YELLOW=0;
0x0107	0x1088      	BCF        PORTD, 1
;Traffic_Light.c,246 :: 		WEST_YELLOW=0;
0x0108	0x1208      	BCF        PORTD, 4
;Traffic_Light.c,247 :: 		SOUTH_GREEN=0;
0x0109	0x1108      	BCF        PORTD, 2
;Traffic_Light.c,248 :: 		WEST_GREEN=0;
0x010A	0x1288      	BCF        PORTD, 5
;Traffic_Light.c,249 :: 		for(i=38;i>=0;i--){
0x010B	0x3026      	MOVLW      38
0x010C	0x00A2      	MOVWF      _i
L_Automatic55:
0x010D	0x3080      	MOVLW      128
0x010E	0x0622      	XORWF      _i, 0
0x010F	0x00F0      	MOVWF      R0
0x0110	0x3080      	MOVLW      128
0x0111	0x3A00      	XORLW      0
0x0112	0x0270      	SUBWF      R0, 0
0x0113	0x1C03      	BTFSS      STATUS, 0
0x0114	0x2B32      	GOTO       L_Automatic56
;Traffic_Light.c,250 :: 		if(i>18){
0x0115	0x3080      	MOVLW      128
0x0116	0x3A12      	XORLW      18
0x0117	0x00F0      	MOVWF      R0
0x0118	0x3080      	MOVLW      128
0x0119	0x0622      	XORWF      _i, 0
0x011A	0x0270      	SUBWF      R0, 0
0x011B	0x1803      	BTFSC      STATUS, 0
0x011C	0x29B4      	GOTO       L_Automatic58
;Traffic_Light.c,251 :: 		SOUTH_RED=1;
0x011D	0x1408      	BSF        PORTD, 0
;Traffic_Light.c,252 :: 		WEST_GREEN=1;
0x011E	0x1688      	BSF        PORTD, 5
;Traffic_Light.c,253 :: 		Left_Number= (i-15)/10;
0x011F	0x300F      	MOVLW      15
0x0120	0x0222      	SUBWF      _i, 0
0x0121	0x00AC      	MOVWF      FLOC__Automatic
0x0122	0x01AD      	CLRF       FLOC__Automatic+1
0x0123	0x1C03      	BTFSS      STATUS, 0
0x0124	0x03AD      	DECF       FLOC__Automatic+1, 1
0x0125	0x3000      	MOVLW      0
0x0126	0x1BA2      	BTFSC      _i, 7
0x0127	0x30FF      	MOVLW      255
0x0128	0x07AD      	ADDWF      FLOC__Automatic+1, 1
0x0129	0x300A      	MOVLW      10
0x012A	0x00F4      	MOVWF      R4
0x012B	0x3000      	MOVLW      0
0x012C	0x00F5      	MOVWF      R4+1
0x012D	0x082C      	MOVF       FLOC__Automatic, 0
0x012E	0x00F0      	MOVWF      R0
0x012F	0x082D      	MOVF       FLOC__Automatic+1, 0
0x0130	0x00F1      	MOVWF      R0+1
0x0131	0x209A      	CALL       _Div_16x16_S
0x0132	0x0870      	MOVF       R0, 0
0x0133	0x00A3      	MOVWF      _Left_Number
;Traffic_Light.c,254 :: 		Right_Number=(i-15)%10;
0x0134	0x300A      	MOVLW      10
0x0135	0x00F4      	MOVWF      R4
0x0136	0x3000      	MOVLW      0
0x0137	0x00F5      	MOVWF      R4+1
0x0138	0x082C      	MOVF       FLOC__Automatic, 0
0x0139	0x00F0      	MOVWF      R0
0x013A	0x082D      	MOVF       FLOC__Automatic+1, 0
0x013B	0x00F1      	MOVWF      R0+1
0x013C	0x209A      	CALL       _Div_16x16_S
0x013D	0x0878      	MOVF       R8, 0
0x013E	0x00F0      	MOVWF      R0
0x013F	0x0879      	MOVF       R8+1, 0
0x0140	0x00F1      	MOVWF      R0+1
0x0141	0x0870      	MOVF       R0, 0
0x0142	0x00A4      	MOVWF      _Right_Number
;Traffic_Light.c,255 :: 		Left_Number2=(i-18)/10;
0x0143	0x3012      	MOVLW      18
0x0144	0x0222      	SUBWF      _i, 0
0x0145	0x00AC      	MOVWF      FLOC__Automatic
0x0146	0x01AD      	CLRF       FLOC__Automatic+1
0x0147	0x1C03      	BTFSS      STATUS, 0
0x0148	0x03AD      	DECF       FLOC__Automatic+1, 1
0x0149	0x3000      	MOVLW      0
0x014A	0x1BA2      	BTFSC      _i, 7
0x014B	0x30FF      	MOVLW      255
0x014C	0x07AD      	ADDWF      FLOC__Automatic+1, 1
0x014D	0x300A      	MOVLW      10
0x014E	0x00F4      	MOVWF      R4
0x014F	0x3000      	MOVLW      0
0x0150	0x00F5      	MOVWF      R4+1
0x0151	0x082C      	MOVF       FLOC__Automatic, 0
0x0152	0x00F0      	MOVWF      R0
0x0153	0x082D      	MOVF       FLOC__Automatic+1, 0
0x0154	0x00F1      	MOVWF      R0+1
0x0155	0x209A      	CALL       _Div_16x16_S
0x0156	0x0870      	MOVF       R0, 0
0x0157	0x00A7      	MOVWF      _Left_Number2
;Traffic_Light.c,256 :: 		Right_Number2=(i-18)%10;
0x0158	0x300A      	MOVLW      10
0x0159	0x00F4      	MOVWF      R4
0x015A	0x3000      	MOVLW      0
0x015B	0x00F5      	MOVWF      R4+1
0x015C	0x082C      	MOVF       FLOC__Automatic, 0
0x015D	0x00F0      	MOVWF      R0
0x015E	0x082D      	MOVF       FLOC__Automatic+1, 0
0x015F	0x00F1      	MOVWF      R0+1
0x0160	0x209A      	CALL       _Div_16x16_S
0x0161	0x0878      	MOVF       R8, 0
0x0162	0x00F0      	MOVWF      R0
0x0163	0x0879      	MOVF       R8+1, 0
0x0164	0x00F1      	MOVWF      R0+1
0x0165	0x0870      	MOVF       R0, 0
0x0166	0x00A8      	MOVWF      _Right_Number2
;Traffic_Light.c,258 :: 		for(j=0;j<40;++j){
0x0167	0x01A9      	CLRF       _j
L_Automatic59:
0x0168	0x3080      	MOVLW      128
0x0169	0x0629      	XORWF      _j, 0
0x016A	0x00F0      	MOVWF      R0
0x016B	0x3080      	MOVLW      128
0x016C	0x3A28      	XORLW      40
0x016D	0x0270      	SUBWF      R0, 0
0x016E	0x1803      	BTFSC      STATUS, 0
0x016F	0x29B2      	GOTO       L_Automatic60
;Traffic_Light.c,259 :: 		first_left_7seg=on;
0x0170	0x1206      	BCF        PORTB, 4
;Traffic_Light.c,260 :: 		first_right_7seg=off;
0x0171	0x1686      	BSF        PORTB, 5
;Traffic_Light.c,261 :: 		second_left_7seg=off;
0x0172	0x1706      	BSF        PORTB, 6
;Traffic_Light.c,262 :: 		second_right_7seg=off;
0x0173	0x1786      	BSF        PORTB, 7
;Traffic_Light.c,263 :: 		portc=Left_Number;
0x0174	0x0823      	MOVF       _Left_Number, 0
0x0175	0x0087      	MOVWF      PORTC
;Traffic_Light.c,264 :: 		delay_ms(delay);
0x0176	0x300D      	MOVLW      13
0x0177	0x00FC      	MOVWF      R12
0x0178	0x30FB      	MOVLW      251
0x0179	0x00FD      	MOVWF      R13
L_Automatic62:
0x017A	0x0BFD      	DECFSZ     R13, 1
0x017B	0x297A      	GOTO       L_Automatic62
0x017C	0x0BFC      	DECFSZ     R12, 1
0x017D	0x297A      	GOTO       L_Automatic62
0x017E	0x0000      	NOP
0x017F	0x0000      	NOP
;Traffic_Light.c,266 :: 		first_left_7seg=off;
0x0180	0x1606      	BSF        PORTB, 4
;Traffic_Light.c,267 :: 		first_right_7seg=on;
0x0181	0x1286      	BCF        PORTB, 5
;Traffic_Light.c,268 :: 		second_left_7seg=off;
0x0182	0x1706      	BSF        PORTB, 6
;Traffic_Light.c,269 :: 		second_right_7seg=off;
0x0183	0x1786      	BSF        PORTB, 7
;Traffic_Light.c,270 :: 		portc=Right_Number;
0x0184	0x0824      	MOVF       _Right_Number, 0
0x0185	0x0087      	MOVWF      PORTC
;Traffic_Light.c,271 :: 		delay_ms(delay);
0x0186	0x300D      	MOVLW      13
0x0187	0x00FC      	MOVWF      R12
0x0188	0x30FB      	MOVLW      251
0x0189	0x00FD      	MOVWF      R13
L_Automatic63:
0x018A	0x0BFD      	DECFSZ     R13, 1
0x018B	0x298A      	GOTO       L_Automatic63
0x018C	0x0BFC      	DECFSZ     R12, 1
0x018D	0x298A      	GOTO       L_Automatic63
0x018E	0x0000      	NOP
0x018F	0x0000      	NOP
;Traffic_Light.c,273 :: 		first_left_7seg=off;
0x0190	0x1606      	BSF        PORTB, 4
;Traffic_Light.c,274 :: 		first_right_7seg=off;
0x0191	0x1686      	BSF        PORTB, 5
;Traffic_Light.c,275 :: 		second_left_7seg=on;
0x0192	0x1306      	BCF        PORTB, 6
;Traffic_Light.c,276 :: 		second_right_7seg=off;
0x0193	0x1786      	BSF        PORTB, 7
;Traffic_Light.c,277 :: 		portc=Left_Number2;
0x0194	0x0827      	MOVF       _Left_Number2, 0
0x0195	0x0087      	MOVWF      PORTC
;Traffic_Light.c,278 :: 		delay_ms(delay);
0x0196	0x300D      	MOVLW      13
0x0197	0x00FC      	MOVWF      R12
0x0198	0x30FB      	MOVLW      251
0x0199	0x00FD      	MOVWF      R13
L_Automatic64:
0x019A	0x0BFD      	DECFSZ     R13, 1
0x019B	0x299A      	GOTO       L_Automatic64
0x019C	0x0BFC      	DECFSZ     R12, 1
0x019D	0x299A      	GOTO       L_Automatic64
0x019E	0x0000      	NOP
0x019F	0x0000      	NOP
;Traffic_Light.c,280 :: 		first_left_7seg=off;
0x01A0	0x1606      	BSF        PORTB, 4
;Traffic_Light.c,281 :: 		first_right_7seg=off;
0x01A1	0x1686      	BSF        PORTB, 5
;Traffic_Light.c,282 :: 		second_left_7seg=off;
0x01A2	0x1706      	BSF        PORTB, 6
;Traffic_Light.c,283 :: 		second_right_7seg=on;
0x01A3	0x1386      	BCF        PORTB, 7
;Traffic_Light.c,284 :: 		portc=Right_Number2;
0x01A4	0x0828      	MOVF       _Right_Number2, 0
0x01A5	0x0087      	MOVWF      PORTC
;Traffic_Light.c,285 :: 		delay_ms(delay);
0x01A6	0x300D      	MOVLW      13
0x01A7	0x00FC      	MOVWF      R12
0x01A8	0x30FB      	MOVLW      251
0x01A9	0x00FD      	MOVWF      R13
L_Automatic65:
0x01AA	0x0BFD      	DECFSZ     R13, 1
0x01AB	0x29AA      	GOTO       L_Automatic65
0x01AC	0x0BFC      	DECFSZ     R12, 1
0x01AD	0x29AA      	GOTO       L_Automatic65
0x01AE	0x0000      	NOP
0x01AF	0x0000      	NOP
;Traffic_Light.c,258 :: 		for(j=0;j<40;++j){
0x01B0	0x0AA9      	INCF       _j, 1
;Traffic_Light.c,286 :: 		}
0x01B1	0x2968      	GOTO       L_Automatic59
L_Automatic60:
;Traffic_Light.c,287 :: 		WEST_GREEN=0;
0x01B2	0x1288      	BCF        PORTD, 5
;Traffic_Light.c,288 :: 		}
0x01B3	0x2B30      	GOTO       L_Automatic66
L_Automatic58:
;Traffic_Light.c,289 :: 		else if(i>15){
0x01B4	0x3080      	MOVLW      128
0x01B5	0x3A0F      	XORLW      15
0x01B6	0x00F0      	MOVWF      R0
0x01B7	0x3080      	MOVLW      128
0x01B8	0x0622      	XORWF      _i, 0
0x01B9	0x0270      	SUBWF      R0, 0
0x01BA	0x1803      	BTFSC      STATUS, 0
0x01BB	0x2A38      	GOTO       L_Automatic67
;Traffic_Light.c,290 :: 		SOUTH_RED=1;
0x01BC	0x1408      	BSF        PORTD, 0
;Traffic_Light.c,291 :: 		WEST_YELLOW=1;
0x01BD	0x1608      	BSF        PORTD, 4
;Traffic_Light.c,293 :: 		Left_Number= (i-15)/10;
0x01BE	0x300F      	MOVLW      15
0x01BF	0x0222      	SUBWF      _i, 0
0x01C0	0x00AE      	MOVWF      FLOC__Automatic+2
0x01C1	0x01AF      	CLRF       FLOC__Automatic+3
0x01C2	0x1C03      	BTFSS      STATUS, 0
0x01C3	0x03AF      	DECF       FLOC__Automatic+3, 1
0x01C4	0x3000      	MOVLW      0
0x01C5	0x1BA2      	BTFSC      _i, 7
0x01C6	0x30FF      	MOVLW      255
0x01C7	0x07AF      	ADDWF      FLOC__Automatic+3, 1
0x01C8	0x300A      	MOVLW      10
0x01C9	0x00F4      	MOVWF      R4
0x01CA	0x3000      	MOVLW      0
0x01CB	0x00F5      	MOVWF      R4+1
0x01CC	0x082E      	MOVF       FLOC__Automatic+2, 0
0x01CD	0x00F0      	MOVWF      R0
0x01CE	0x082F      	MOVF       FLOC__Automatic+3, 0
0x01CF	0x00F1      	MOVWF      R0+1
0x01D0	0x209A      	CALL       _Div_16x16_S
0x01D1	0x0870      	MOVF       R0, 0
0x01D2	0x00AC      	MOVWF      FLOC__Automatic
0x01D3	0x0871      	MOVF       R0+1, 0
0x01D4	0x00AD      	MOVWF      FLOC__Automatic+1
0x01D5	0x082C      	MOVF       FLOC__Automatic, 0
0x01D6	0x00A3      	MOVWF      _Left_Number
;Traffic_Light.c,294 :: 		Right_Number=(i-15)%10;
0x01D7	0x300A      	MOVLW      10
0x01D8	0x00F4      	MOVWF      R4
0x01D9	0x3000      	MOVLW      0
0x01DA	0x00F5      	MOVWF      R4+1
0x01DB	0x082E      	MOVF       FLOC__Automatic+2, 0
0x01DC	0x00F0      	MOVWF      R0
0x01DD	0x082F      	MOVF       FLOC__Automatic+3, 0
0x01DE	0x00F1      	MOVWF      R0+1
0x01DF	0x209A      	CALL       _Div_16x16_S
0x01E0	0x0878      	MOVF       R8, 0
0x01E1	0x00F0      	MOVWF      R0
0x01E2	0x0879      	MOVF       R8+1, 0
0x01E3	0x00F1      	MOVWF      R0+1
0x01E4	0x0870      	MOVF       R0, 0
0x01E5	0x00A4      	MOVWF      _Right_Number
;Traffic_Light.c,295 :: 		Left_Number2=(i-15)/10;
0x01E6	0x082C      	MOVF       FLOC__Automatic, 0
0x01E7	0x00A7      	MOVWF      _Left_Number2
;Traffic_Light.c,296 :: 		Right_Number2=(i-15)%10;
0x01E8	0x0870      	MOVF       R0, 0
0x01E9	0x00A8      	MOVWF      _Right_Number2
;Traffic_Light.c,298 :: 		for(j=0;j<40;++j){
0x01EA	0x01A9      	CLRF       _j
L_Automatic68:
0x01EB	0x3080      	MOVLW      128
0x01EC	0x0629      	XORWF      _j, 0
0x01ED	0x00F0      	MOVWF      R0
0x01EE	0x3080      	MOVLW      128
0x01EF	0x3A28      	XORLW      40
0x01F0	0x0270      	SUBWF      R0, 0
0x01F1	0x1803      	BTFSC      STATUS, 0
0x01F2	0x2A35      	GOTO       L_Automatic69
;Traffic_Light.c,300 :: 		first_left_7seg=on;
0x01F3	0x1206      	BCF        PORTB, 4
;Traffic_Light.c,301 :: 		first_right_7seg=off;
0x01F4	0x1686      	BSF        PORTB, 5
;Traffic_Light.c,302 :: 		second_left_7seg=off;
0x01F5	0x1706      	BSF        PORTB, 6
;Traffic_Light.c,303 :: 		second_right_7seg=off;
0x01F6	0x1786      	BSF        PORTB, 7
;Traffic_Light.c,304 :: 		portc=Left_Number;
0x01F7	0x0823      	MOVF       _Left_Number, 0
0x01F8	0x0087      	MOVWF      PORTC
;Traffic_Light.c,305 :: 		delay_ms(delay);
0x01F9	0x300D      	MOVLW      13
0x01FA	0x00FC      	MOVWF      R12
0x01FB	0x30FB      	MOVLW      251
0x01FC	0x00FD      	MOVWF      R13
L_Automatic71:
0x01FD	0x0BFD      	DECFSZ     R13, 1
0x01FE	0x29FD      	GOTO       L_Automatic71
0x01FF	0x0BFC      	DECFSZ     R12, 1
0x0200	0x29FD      	GOTO       L_Automatic71
0x0201	0x0000      	NOP
0x0202	0x0000      	NOP
;Traffic_Light.c,307 :: 		first_left_7seg=off;
0x0203	0x1606      	BSF        PORTB, 4
;Traffic_Light.c,308 :: 		first_right_7seg=on;
0x0204	0x1286      	BCF        PORTB, 5
;Traffic_Light.c,309 :: 		second_left_7seg=off;
0x0205	0x1706      	BSF        PORTB, 6
;Traffic_Light.c,310 :: 		second_right_7seg=off;
0x0206	0x1786      	BSF        PORTB, 7
;Traffic_Light.c,311 :: 		portc=Right_Number;
0x0207	0x0824      	MOVF       _Right_Number, 0
0x0208	0x0087      	MOVWF      PORTC
;Traffic_Light.c,312 :: 		delay_ms(delay);
0x0209	0x300D      	MOVLW      13
0x020A	0x00FC      	MOVWF      R12
0x020B	0x30FB      	MOVLW      251
0x020C	0x00FD      	MOVWF      R13
L_Automatic72:
0x020D	0x0BFD      	DECFSZ     R13, 1
0x020E	0x2A0D      	GOTO       L_Automatic72
0x020F	0x0BFC      	DECFSZ     R12, 1
0x0210	0x2A0D      	GOTO       L_Automatic72
0x0211	0x0000      	NOP
0x0212	0x0000      	NOP
;Traffic_Light.c,314 :: 		first_left_7seg=off;
0x0213	0x1606      	BSF        PORTB, 4
;Traffic_Light.c,315 :: 		first_right_7seg=off;
0x0214	0x1686      	BSF        PORTB, 5
;Traffic_Light.c,316 :: 		second_left_7seg=on;
0x0215	0x1306      	BCF        PORTB, 6
;Traffic_Light.c,317 :: 		second_right_7seg=off;
0x0216	0x1786      	BSF        PORTB, 7
;Traffic_Light.c,318 :: 		portc=Left_Number2;
0x0217	0x0827      	MOVF       _Left_Number2, 0
0x0218	0x0087      	MOVWF      PORTC
;Traffic_Light.c,319 :: 		delay_ms(delay);
0x0219	0x300D      	MOVLW      13
0x021A	0x00FC      	MOVWF      R12
0x021B	0x30FB      	MOVLW      251
0x021C	0x00FD      	MOVWF      R13
L_Automatic73:
0x021D	0x0BFD      	DECFSZ     R13, 1
0x021E	0x2A1D      	GOTO       L_Automatic73
0x021F	0x0BFC      	DECFSZ     R12, 1
0x0220	0x2A1D      	GOTO       L_Automatic73
0x0221	0x0000      	NOP
0x0222	0x0000      	NOP
;Traffic_Light.c,321 :: 		first_left_7seg=off;
0x0223	0x1606      	BSF        PORTB, 4
;Traffic_Light.c,322 :: 		first_right_7seg=off;
0x0224	0x1686      	BSF        PORTB, 5
;Traffic_Light.c,323 :: 		second_left_7seg=off;
0x0225	0x1706      	BSF        PORTB, 6
;Traffic_Light.c,324 :: 		second_right_7seg=on;
0x0226	0x1386      	BCF        PORTB, 7
;Traffic_Light.c,325 :: 		portc=Right_Number2;
0x0227	0x0828      	MOVF       _Right_Number2, 0
0x0228	0x0087      	MOVWF      PORTC
;Traffic_Light.c,326 :: 		delay_ms(delay);
0x0229	0x300D      	MOVLW      13
0x022A	0x00FC      	MOVWF      R12
0x022B	0x30FB      	MOVLW      251
0x022C	0x00FD      	MOVWF      R13
L_Automatic74:
0x022D	0x0BFD      	DECFSZ     R13, 1
0x022E	0x2A2D      	GOTO       L_Automatic74
0x022F	0x0BFC      	DECFSZ     R12, 1
0x0230	0x2A2D      	GOTO       L_Automatic74
0x0231	0x0000      	NOP
0x0232	0x0000      	NOP
;Traffic_Light.c,298 :: 		for(j=0;j<40;++j){
0x0233	0x0AA9      	INCF       _j, 1
;Traffic_Light.c,327 :: 		}
0x0234	0x29EB      	GOTO       L_Automatic68
L_Automatic69:
;Traffic_Light.c,329 :: 		SOUTH_RED=0;
0x0235	0x1008      	BCF        PORTD, 0
;Traffic_Light.c,330 :: 		WEST_YELLOW=0;
0x0236	0x1208      	BCF        PORTD, 4
;Traffic_Light.c,331 :: 		}
0x0237	0x2B30      	GOTO       L_Automatic75
L_Automatic67:
;Traffic_Light.c,332 :: 		else if (i>3){
0x0238	0x3080      	MOVLW      128
0x0239	0x3A03      	XORLW      3
0x023A	0x00F0      	MOVWF      R0
0x023B	0x3080      	MOVLW      128
0x023C	0x0622      	XORWF      _i, 0
0x023D	0x0270      	SUBWF      R0, 0
0x023E	0x1803      	BTFSC      STATUS, 0
0x023F	0x2AC3      	GOTO       L_Automatic76
;Traffic_Light.c,333 :: 		WEST_RED=1;
0x0240	0x1588      	BSF        PORTD, 3
;Traffic_Light.c,334 :: 		SOUTH_GREEN=1;
0x0241	0x1508      	BSF        PORTD, 2
;Traffic_Light.c,335 :: 		Left_Number= (i-3)/10;
0x0242	0x3003      	MOVLW      3
0x0243	0x0222      	SUBWF      _i, 0
0x0244	0x00AC      	MOVWF      FLOC__Automatic
0x0245	0x01AD      	CLRF       FLOC__Automatic+1
0x0246	0x1C03      	BTFSS      STATUS, 0
0x0247	0x03AD      	DECF       FLOC__Automatic+1, 1
0x0248	0x3000      	MOVLW      0
0x0249	0x1BA2      	BTFSC      _i, 7
0x024A	0x30FF      	MOVLW      255
0x024B	0x07AD      	ADDWF      FLOC__Automatic+1, 1
0x024C	0x300A      	MOVLW      10
0x024D	0x00F4      	MOVWF      R4
0x024E	0x3000      	MOVLW      0
0x024F	0x00F5      	MOVWF      R4+1
0x0250	0x082C      	MOVF       FLOC__Automatic, 0
0x0251	0x00F0      	MOVWF      R0
0x0252	0x082D      	MOVF       FLOC__Automatic+1, 0
0x0253	0x00F1      	MOVWF      R0+1
0x0254	0x209A      	CALL       _Div_16x16_S
0x0255	0x0870      	MOVF       R0, 0
0x0256	0x00A3      	MOVWF      _Left_Number
;Traffic_Light.c,336 :: 		Right_Number=(i-3)%10;
0x0257	0x300A      	MOVLW      10
0x0258	0x00F4      	MOVWF      R4
0x0259	0x3000      	MOVLW      0
0x025A	0x00F5      	MOVWF      R4+1
0x025B	0x082C      	MOVF       FLOC__Automatic, 0
0x025C	0x00F0      	MOVWF      R0
0x025D	0x082D      	MOVF       FLOC__Automatic+1, 0
0x025E	0x00F1      	MOVWF      R0+1
0x025F	0x209A      	CALL       _Div_16x16_S
0x0260	0x0878      	MOVF       R8, 0
0x0261	0x00F0      	MOVWF      R0
0x0262	0x0879      	MOVF       R8+1, 0
0x0263	0x00F1      	MOVWF      R0+1
0x0264	0x0870      	MOVF       R0, 0
0x0265	0x00A4      	MOVWF      _Right_Number
;Traffic_Light.c,337 :: 		Left_Number2=(i)/10;
0x0266	0x300A      	MOVLW      10
0x0267	0x00F4      	MOVWF      R4
0x0268	0x0822      	MOVF       _i, 0
0x0269	0x00F0      	MOVWF      R0
0x026A	0x2042      	CALL       _Div_8X8_S
0x026B	0x0870      	MOVF       R0, 0
0x026C	0x00A7      	MOVWF      _Left_Number2
;Traffic_Light.c,338 :: 		Right_Number2=(i)%10;
0x026D	0x300A      	MOVLW      10
0x026E	0x00F4      	MOVWF      R4
0x026F	0x0822      	MOVF       _i, 0
0x0270	0x00F0      	MOVWF      R0
0x0271	0x2042      	CALL       _Div_8X8_S
0x0272	0x0878      	MOVF       R8, 0
0x0273	0x00F0      	MOVWF      R0
0x0274	0x0870      	MOVF       R0, 0
0x0275	0x00A8      	MOVWF      _Right_Number2
;Traffic_Light.c,340 :: 		for(j=0;j<40;++j){
0x0276	0x01A9      	CLRF       _j
L_Automatic77:
0x0277	0x3080      	MOVLW      128
0x0278	0x0629      	XORWF      _j, 0
0x0279	0x00F0      	MOVWF      R0
0x027A	0x3080      	MOVLW      128
0x027B	0x3A28      	XORLW      40
0x027C	0x0270      	SUBWF      R0, 0
0x027D	0x1803      	BTFSC      STATUS, 0
0x027E	0x2AC1      	GOTO       L_Automatic78
;Traffic_Light.c,341 :: 		first_left_7seg=on;
0x027F	0x1206      	BCF        PORTB, 4
;Traffic_Light.c,342 :: 		first_right_7seg=off;
0x0280	0x1686      	BSF        PORTB, 5
;Traffic_Light.c,343 :: 		second_left_7seg=off;
0x0281	0x1706      	BSF        PORTB, 6
;Traffic_Light.c,344 :: 		second_right_7seg=off;
0x0282	0x1786      	BSF        PORTB, 7
;Traffic_Light.c,345 :: 		portc=Left_Number;
0x0283	0x0823      	MOVF       _Left_Number, 0
0x0284	0x0087      	MOVWF      PORTC
;Traffic_Light.c,346 :: 		delay_ms(delay);
0x0285	0x300D      	MOVLW      13
0x0286	0x00FC      	MOVWF      R12
0x0287	0x30FB      	MOVLW      251
0x0288	0x00FD      	MOVWF      R13
L_Automatic80:
0x0289	0x0BFD      	DECFSZ     R13, 1
0x028A	0x2A89      	GOTO       L_Automatic80
0x028B	0x0BFC      	DECFSZ     R12, 1
0x028C	0x2A89      	GOTO       L_Automatic80
0x028D	0x0000      	NOP
0x028E	0x0000      	NOP
;Traffic_Light.c,348 :: 		first_left_7seg=off;
0x028F	0x1606      	BSF        PORTB, 4
;Traffic_Light.c,349 :: 		first_right_7seg=on;
0x0290	0x1286      	BCF        PORTB, 5
;Traffic_Light.c,350 :: 		second_left_7seg=off;
0x0291	0x1706      	BSF        PORTB, 6
;Traffic_Light.c,351 :: 		second_right_7seg=off;
0x0292	0x1786      	BSF        PORTB, 7
;Traffic_Light.c,352 :: 		portc=Right_Number;
0x0293	0x0824      	MOVF       _Right_Number, 0
0x0294	0x0087      	MOVWF      PORTC
;Traffic_Light.c,353 :: 		delay_ms(delay);
0x0295	0x300D      	MOVLW      13
0x0296	0x00FC      	MOVWF      R12
0x0297	0x30FB      	MOVLW      251
0x0298	0x00FD      	MOVWF      R13
L_Automatic81:
0x0299	0x0BFD      	DECFSZ     R13, 1
0x029A	0x2A99      	GOTO       L_Automatic81
0x029B	0x0BFC      	DECFSZ     R12, 1
0x029C	0x2A99      	GOTO       L_Automatic81
0x029D	0x0000      	NOP
0x029E	0x0000      	NOP
;Traffic_Light.c,355 :: 		first_left_7seg=off;
0x029F	0x1606      	BSF        PORTB, 4
;Traffic_Light.c,356 :: 		first_right_7seg=off;
0x02A0	0x1686      	BSF        PORTB, 5
;Traffic_Light.c,357 :: 		second_left_7seg=on;
0x02A1	0x1306      	BCF        PORTB, 6
;Traffic_Light.c,358 :: 		second_right_7seg=off;
0x02A2	0x1786      	BSF        PORTB, 7
;Traffic_Light.c,359 :: 		portc=Left_Number2;
0x02A3	0x0827      	MOVF       _Left_Number2, 0
0x02A4	0x0087      	MOVWF      PORTC
;Traffic_Light.c,360 :: 		delay_ms(delay);
0x02A5	0x300D      	MOVLW      13
0x02A6	0x00FC      	MOVWF      R12
0x02A7	0x30FB      	MOVLW      251
0x02A8	0x00FD      	MOVWF      R13
L_Automatic82:
0x02A9	0x0BFD      	DECFSZ     R13, 1
0x02AA	0x2AA9      	GOTO       L_Automatic82
0x02AB	0x0BFC      	DECFSZ     R12, 1
0x02AC	0x2AA9      	GOTO       L_Automatic82
0x02AD	0x0000      	NOP
0x02AE	0x0000      	NOP
;Traffic_Light.c,362 :: 		first_left_7seg=off;
0x02AF	0x1606      	BSF        PORTB, 4
;Traffic_Light.c,363 :: 		first_right_7seg=off;
0x02B0	0x1686      	BSF        PORTB, 5
;Traffic_Light.c,364 :: 		second_left_7seg=off;
0x02B1	0x1706      	BSF        PORTB, 6
;Traffic_Light.c,365 :: 		second_right_7seg=on;
0x02B2	0x1386      	BCF        PORTB, 7
;Traffic_Light.c,366 :: 		portc=Right_Number2;
0x02B3	0x0828      	MOVF       _Right_Number2, 0
0x02B4	0x0087      	MOVWF      PORTC
;Traffic_Light.c,367 :: 		delay_ms(delay);
0x02B5	0x300D      	MOVLW      13
0x02B6	0x00FC      	MOVWF      R12
0x02B7	0x30FB      	MOVLW      251
0x02B8	0x00FD      	MOVWF      R13
L_Automatic83:
0x02B9	0x0BFD      	DECFSZ     R13, 1
0x02BA	0x2AB9      	GOTO       L_Automatic83
0x02BB	0x0BFC      	DECFSZ     R12, 1
0x02BC	0x2AB9      	GOTO       L_Automatic83
0x02BD	0x0000      	NOP
0x02BE	0x0000      	NOP
;Traffic_Light.c,340 :: 		for(j=0;j<40;++j){
0x02BF	0x0AA9      	INCF       _j, 1
;Traffic_Light.c,368 :: 		}
0x02C0	0x2A77      	GOTO       L_Automatic77
L_Automatic78:
;Traffic_Light.c,369 :: 		SOUTH_GREEN=0;
0x02C1	0x1108      	BCF        PORTD, 2
;Traffic_Light.c,370 :: 		}
0x02C2	0x2B30      	GOTO       L_Automatic84
L_Automatic76:
;Traffic_Light.c,371 :: 		else if(i>0){
0x02C3	0x3080      	MOVLW      128
0x02C4	0x3A00      	XORLW      0
0x02C5	0x00F0      	MOVWF      R0
0x02C6	0x3080      	MOVLW      128
0x02C7	0x0622      	XORWF      _i, 0
0x02C8	0x0270      	SUBWF      R0, 0
0x02C9	0x1803      	BTFSC      STATUS, 0
0x02CA	0x2B30      	GOTO       L_Automatic85
;Traffic_Light.c,372 :: 		WEST_RED=1;
0x02CB	0x1588      	BSF        PORTD, 3
;Traffic_Light.c,373 :: 		SOUTH_YELLOW=1;
0x02CC	0x1488      	BSF        PORTD, 1
;Traffic_Light.c,374 :: 		Left_Number= (i)/10;
0x02CD	0x300A      	MOVLW      10
0x02CE	0x00F4      	MOVWF      R4
0x02CF	0x0822      	MOVF       _i, 0
0x02D0	0x00F0      	MOVWF      R0
0x02D1	0x2042      	CALL       _Div_8X8_S
0x02D2	0x0870      	MOVF       R0, 0
0x02D3	0x00AC      	MOVWF      FLOC__Automatic
0x02D4	0x082C      	MOVF       FLOC__Automatic, 0
0x02D5	0x00A3      	MOVWF      _Left_Number
;Traffic_Light.c,375 :: 		Right_Number=(i)%10;
0x02D6	0x300A      	MOVLW      10
0x02D7	0x00F4      	MOVWF      R4
0x02D8	0x0822      	MOVF       _i, 0
0x02D9	0x00F0      	MOVWF      R0
0x02DA	0x2042      	CALL       _Div_8X8_S
0x02DB	0x0878      	MOVF       R8, 0
0x02DC	0x00F0      	MOVWF      R0
0x02DD	0x0870      	MOVF       R0, 0
0x02DE	0x00A4      	MOVWF      _Right_Number
;Traffic_Light.c,376 :: 		Left_Number2=(i)/10;
0x02DF	0x082C      	MOVF       FLOC__Automatic, 0
0x02E0	0x00A7      	MOVWF      _Left_Number2
;Traffic_Light.c,377 :: 		Right_Number2=(i)%10;
0x02E1	0x0870      	MOVF       R0, 0
0x02E2	0x00A8      	MOVWF      _Right_Number2
;Traffic_Light.c,379 :: 		for(j=0;j<40;++j){
0x02E3	0x01A9      	CLRF       _j
L_Automatic86:
0x02E4	0x3080      	MOVLW      128
0x02E5	0x0629      	XORWF      _j, 0
0x02E6	0x00F0      	MOVWF      R0
0x02E7	0x3080      	MOVLW      128
0x02E8	0x3A28      	XORLW      40
0x02E9	0x0270      	SUBWF      R0, 0
0x02EA	0x1803      	BTFSC      STATUS, 0
0x02EB	0x2B2E      	GOTO       L_Automatic87
;Traffic_Light.c,380 :: 		first_left_7seg=on;
0x02EC	0x1206      	BCF        PORTB, 4
;Traffic_Light.c,381 :: 		first_right_7seg=off;
0x02ED	0x1686      	BSF        PORTB, 5
;Traffic_Light.c,382 :: 		second_left_7seg=off;
0x02EE	0x1706      	BSF        PORTB, 6
;Traffic_Light.c,383 :: 		second_right_7seg=off;
0x02EF	0x1786      	BSF        PORTB, 7
;Traffic_Light.c,384 :: 		portc=Left_Number;
0x02F0	0x0823      	MOVF       _Left_Number, 0
0x02F1	0x0087      	MOVWF      PORTC
;Traffic_Light.c,385 :: 		delay_ms(delay);
0x02F2	0x300D      	MOVLW      13
0x02F3	0x00FC      	MOVWF      R12
0x02F4	0x30FB      	MOVLW      251
0x02F5	0x00FD      	MOVWF      R13
L_Automatic89:
0x02F6	0x0BFD      	DECFSZ     R13, 1
0x02F7	0x2AF6      	GOTO       L_Automatic89
0x02F8	0x0BFC      	DECFSZ     R12, 1
0x02F9	0x2AF6      	GOTO       L_Automatic89
0x02FA	0x0000      	NOP
0x02FB	0x0000      	NOP
;Traffic_Light.c,387 :: 		first_left_7seg=off;
0x02FC	0x1606      	BSF        PORTB, 4
;Traffic_Light.c,388 :: 		first_right_7seg=on;
0x02FD	0x1286      	BCF        PORTB, 5
;Traffic_Light.c,389 :: 		second_left_7seg=off;
0x02FE	0x1706      	BSF        PORTB, 6
;Traffic_Light.c,390 :: 		second_right_7seg=off;
0x02FF	0x1786      	BSF        PORTB, 7
;Traffic_Light.c,391 :: 		portc=Right_Number;
0x0300	0x0824      	MOVF       _Right_Number, 0
0x0301	0x0087      	MOVWF      PORTC
;Traffic_Light.c,392 :: 		delay_ms(delay);
0x0302	0x300D      	MOVLW      13
0x0303	0x00FC      	MOVWF      R12
0x0304	0x30FB      	MOVLW      251
0x0305	0x00FD      	MOVWF      R13
L_Automatic90:
0x0306	0x0BFD      	DECFSZ     R13, 1
0x0307	0x2B06      	GOTO       L_Automatic90
0x0308	0x0BFC      	DECFSZ     R12, 1
0x0309	0x2B06      	GOTO       L_Automatic90
0x030A	0x0000      	NOP
0x030B	0x0000      	NOP
;Traffic_Light.c,394 :: 		first_left_7seg=off;
0x030C	0x1606      	BSF        PORTB, 4
;Traffic_Light.c,395 :: 		first_right_7seg=off;
0x030D	0x1686      	BSF        PORTB, 5
;Traffic_Light.c,396 :: 		second_left_7seg=on;
0x030E	0x1306      	BCF        PORTB, 6
;Traffic_Light.c,397 :: 		second_right_7seg=off;
0x030F	0x1786      	BSF        PORTB, 7
;Traffic_Light.c,398 :: 		portc=Left_Number2;
0x0310	0x0827      	MOVF       _Left_Number2, 0
0x0311	0x0087      	MOVWF      PORTC
;Traffic_Light.c,399 :: 		delay_ms(delay);
0x0312	0x300D      	MOVLW      13
0x0313	0x00FC      	MOVWF      R12
0x0314	0x30FB      	MOVLW      251
0x0315	0x00FD      	MOVWF      R13
L_Automatic91:
0x0316	0x0BFD      	DECFSZ     R13, 1
0x0317	0x2B16      	GOTO       L_Automatic91
0x0318	0x0BFC      	DECFSZ     R12, 1
0x0319	0x2B16      	GOTO       L_Automatic91
0x031A	0x0000      	NOP
0x031B	0x0000      	NOP
;Traffic_Light.c,401 :: 		first_left_7seg=off;
0x031C	0x1606      	BSF        PORTB, 4
;Traffic_Light.c,402 :: 		first_right_7seg=off;
0x031D	0x1686      	BSF        PORTB, 5
;Traffic_Light.c,403 :: 		second_left_7seg=off;
0x031E	0x1706      	BSF        PORTB, 6
;Traffic_Light.c,404 :: 		second_right_7seg=on;
0x031F	0x1386      	BCF        PORTB, 7
;Traffic_Light.c,405 :: 		portc=Right_Number2;
0x0320	0x0828      	MOVF       _Right_Number2, 0
0x0321	0x0087      	MOVWF      PORTC
;Traffic_Light.c,406 :: 		delay_ms(delay);
0x0322	0x300D      	MOVLW      13
0x0323	0x00FC      	MOVWF      R12
0x0324	0x30FB      	MOVLW      251
0x0325	0x00FD      	MOVWF      R13
L_Automatic92:
0x0326	0x0BFD      	DECFSZ     R13, 1
0x0327	0x2B26      	GOTO       L_Automatic92
0x0328	0x0BFC      	DECFSZ     R12, 1
0x0329	0x2B26      	GOTO       L_Automatic92
0x032A	0x0000      	NOP
0x032B	0x0000      	NOP
;Traffic_Light.c,379 :: 		for(j=0;j<40;++j){
0x032C	0x0AA9      	INCF       _j, 1
;Traffic_Light.c,407 :: 		}
0x032D	0x2AE4      	GOTO       L_Automatic86
L_Automatic87:
;Traffic_Light.c,408 :: 		SOUTH_YELLOW=0;
0x032E	0x1088      	BCF        PORTD, 1
;Traffic_Light.c,409 :: 		WEST_RED=0;
0x032F	0x1188      	BCF        PORTD, 3
;Traffic_Light.c,410 :: 		}
L_Automatic85:
L_Automatic84:
L_Automatic75:
L_Automatic66:
;Traffic_Light.c,249 :: 		for(i=38;i>=0;i--){
0x0330	0x03A2      	DECF       _i, 1
;Traffic_Light.c,411 :: 		}
0x0331	0x290D      	GOTO       L_Automatic55
L_Automatic56:
;Traffic_Light.c,412 :: 		}
L_end_Automatic:
0x0332	0x0008      	RETURN
; end of _Automatic
_Manual:
;Traffic_Light.c,32 :: 		void Manual(){
;Traffic_Light.c,34 :: 		if(manual==0){
0x0333	0x1283      	BCF        STATUS, 5
0x0334	0x1303      	BCF        STATUS, 6
0x0335	0x1886      	BTFSC      PORTB, 1
0x0336	0x2B38      	GOTO       L_Manual1
;Traffic_Light.c,35 :: 		counter++;
0x0337	0x0AA0      	INCF       _counter, 1
;Traffic_Light.c,36 :: 		}
L_Manual1:
;Traffic_Light.c,37 :: 		if(counter>3){
0x0338	0x3080      	MOVLW      128
0x0339	0x3A03      	XORLW      3
0x033A	0x00F0      	MOVWF      R0
0x033B	0x3080      	MOVLW      128
0x033C	0x0620      	XORWF      _counter, 0
0x033D	0x0270      	SUBWF      R0, 0
0x033E	0x1803      	BTFSC      STATUS, 0
0x033F	0x2B41      	GOTO       L_Manual2
;Traffic_Light.c,38 :: 		counter=0;
0x0340	0x01A0      	CLRF       _counter
;Traffic_Light.c,39 :: 		}
L_Manual2:
;Traffic_Light.c,40 :: 		switch(counter){
0x0341	0x2D59      	GOTO       L_Manual3
;Traffic_Light.c,42 :: 		case(0):
L_Manual5:
;Traffic_Light.c,43 :: 		SOUTH_RED=0;
0x0342	0x1008      	BCF        PORTD, 0
;Traffic_Light.c,44 :: 		WEST_RED=0;
0x0343	0x1188      	BCF        PORTD, 3
;Traffic_Light.c,45 :: 		SOUTH_YELLOW=0;
0x0344	0x1088      	BCF        PORTD, 1
;Traffic_Light.c,46 :: 		WEST_YELLOW=0;
0x0345	0x1208      	BCF        PORTD, 4
;Traffic_Light.c,47 :: 		SOUTH_GREEN=0;
0x0346	0x1108      	BCF        PORTD, 2
;Traffic_Light.c,48 :: 		WEST_GREEN=0;
0x0347	0x1288      	BCF        PORTD, 5
;Traffic_Light.c,49 :: 		if(manual==0){
0x0348	0x1886      	BTFSC      PORTB, 1
0x0349	0x2B4C      	GOTO       L_Manual6
;Traffic_Light.c,50 :: 		counter++;
0x034A	0x0AA0      	INCF       _counter, 1
;Traffic_Light.c,51 :: 		break;
0x034B	0x2D69      	GOTO       L_Manual4
;Traffic_Light.c,52 :: 		}
L_Manual6:
;Traffic_Light.c,54 :: 		for(i=20;i>=0;i--){
0x034C	0x3014      	MOVLW      20
0x034D	0x00A2      	MOVWF      _i
L_Manual7:
0x034E	0x3080      	MOVLW      128
0x034F	0x0622      	XORWF      _i, 0
0x0350	0x00F0      	MOVWF      R0
0x0351	0x3080      	MOVLW      128
0x0352	0x3A00      	XORLW      0
0x0353	0x0270      	SUBWF      R0, 0
0x0354	0x1C03      	BTFSS      STATUS, 0
0x0355	0x2BE0      	GOTO       L_Manual8
;Traffic_Light.c,55 :: 		if(manual==0){
0x0356	0x1886      	BTFSC      PORTB, 1
0x0357	0x2B5A      	GOTO       L_Manual10
;Traffic_Light.c,56 :: 		counter++;
0x0358	0x0AA0      	INCF       _counter, 1
;Traffic_Light.c,57 :: 		break;
0x0359	0x2BE0      	GOTO       L_Manual8
;Traffic_Light.c,58 :: 		}
L_Manual10:
;Traffic_Light.c,59 :: 		SOUTH_RED=1;
0x035A	0x1408      	BSF        PORTD, 0
;Traffic_Light.c,60 :: 		WEST_GREEN=1;
0x035B	0x1688      	BSF        PORTD, 5
;Traffic_Light.c,62 :: 		Left_Number= (i+3)/10;
0x035C	0x3003      	MOVLW      3
0x035D	0x0722      	ADDWF      _i, 0
0x035E	0x00AC      	MOVWF      FLOC__Manual
0x035F	0x3000      	MOVLW      0
0x0360	0x1BA2      	BTFSC      _i, 7
0x0361	0x30FF      	MOVLW      255
0x0362	0x00AD      	MOVWF      FLOC__Manual+1
0x0363	0x1803      	BTFSC      STATUS, 0
0x0364	0x0AAD      	INCF       FLOC__Manual+1, 1
0x0365	0x300A      	MOVLW      10
0x0366	0x00F4      	MOVWF      R4
0x0367	0x3000      	MOVLW      0
0x0368	0x00F5      	MOVWF      R4+1
0x0369	0x082C      	MOVF       FLOC__Manual, 0
0x036A	0x00F0      	MOVWF      R0
0x036B	0x082D      	MOVF       FLOC__Manual+1, 0
0x036C	0x00F1      	MOVWF      R0+1
0x036D	0x209A      	CALL       _Div_16x16_S
0x036E	0x0870      	MOVF       R0, 0
0x036F	0x00A3      	MOVWF      _Left_Number
;Traffic_Light.c,63 :: 		Right_Number=(i+3)%10;
0x0370	0x300A      	MOVLW      10
0x0371	0x00F4      	MOVWF      R4
0x0372	0x3000      	MOVLW      0
0x0373	0x00F5      	MOVWF      R4+1
0x0374	0x082C      	MOVF       FLOC__Manual, 0
0x0375	0x00F0      	MOVWF      R0
0x0376	0x082D      	MOVF       FLOC__Manual+1, 0
0x0377	0x00F1      	MOVWF      R0+1
0x0378	0x209A      	CALL       _Div_16x16_S
0x0379	0x0878      	MOVF       R8, 0
0x037A	0x00F0      	MOVWF      R0
0x037B	0x0879      	MOVF       R8+1, 0
0x037C	0x00F1      	MOVWF      R0+1
0x037D	0x0870      	MOVF       R0, 0
0x037E	0x00A4      	MOVWF      _Right_Number
;Traffic_Light.c,64 :: 		Left_Number2=(i)/10;
0x037F	0x300A      	MOVLW      10
0x0380	0x00F4      	MOVWF      R4
0x0381	0x0822      	MOVF       _i, 0
0x0382	0x00F0      	MOVWF      R0
0x0383	0x2042      	CALL       _Div_8X8_S
0x0384	0x0870      	MOVF       R0, 0
0x0385	0x00A7      	MOVWF      _Left_Number2
;Traffic_Light.c,65 :: 		Right_Number2=(i)%10;
0x0386	0x300A      	MOVLW      10
0x0387	0x00F4      	MOVWF      R4
0x0388	0x0822      	MOVF       _i, 0
0x0389	0x00F0      	MOVWF      R0
0x038A	0x2042      	CALL       _Div_8X8_S
0x038B	0x0878      	MOVF       R8, 0
0x038C	0x00F0      	MOVWF      R0
0x038D	0x0870      	MOVF       R0, 0
0x038E	0x00A8      	MOVWF      _Right_Number2
;Traffic_Light.c,67 :: 		for(j=0;j<40;++j){
0x038F	0x01A9      	CLRF       _j
L_Manual11:
0x0390	0x3080      	MOVLW      128
0x0391	0x0629      	XORWF      _j, 0
0x0392	0x00F0      	MOVWF      R0
0x0393	0x3080      	MOVLW      128
0x0394	0x3A28      	XORLW      40
0x0395	0x0270      	SUBWF      R0, 0
0x0396	0x1803      	BTFSC      STATUS, 0
0x0397	0x2BDE      	GOTO       L_Manual12
;Traffic_Light.c,68 :: 		if(manual==0){
0x0398	0x1886      	BTFSC      PORTB, 1
0x0399	0x2B9C      	GOTO       L_Manual14
;Traffic_Light.c,69 :: 		counter++;
0x039A	0x0AA0      	INCF       _counter, 1
;Traffic_Light.c,70 :: 		break;
0x039B	0x2BDE      	GOTO       L_Manual12
;Traffic_Light.c,71 :: 		}
L_Manual14:
;Traffic_Light.c,72 :: 		first_left_7seg=on;
0x039C	0x1206      	BCF        PORTB, 4
;Traffic_Light.c,73 :: 		first_right_7seg=off;
0x039D	0x1686      	BSF        PORTB, 5
;Traffic_Light.c,74 :: 		second_left_7seg=off;
0x039E	0x1706      	BSF        PORTB, 6
;Traffic_Light.c,75 :: 		second_right_7seg=off;
0x039F	0x1786      	BSF        PORTB, 7
;Traffic_Light.c,76 :: 		portc=Left_Number;
0x03A0	0x0823      	MOVF       _Left_Number, 0
0x03A1	0x0087      	MOVWF      PORTC
;Traffic_Light.c,77 :: 		delay_ms(delay);
0x03A2	0x300D      	MOVLW      13
0x03A3	0x00FC      	MOVWF      R12
0x03A4	0x30FB      	MOVLW      251
0x03A5	0x00FD      	MOVWF      R13
L_Manual15:
0x03A6	0x0BFD      	DECFSZ     R13, 1
0x03A7	0x2BA6      	GOTO       L_Manual15
0x03A8	0x0BFC      	DECFSZ     R12, 1
0x03A9	0x2BA6      	GOTO       L_Manual15
0x03AA	0x0000      	NOP
0x03AB	0x0000      	NOP
;Traffic_Light.c,79 :: 		first_left_7seg=off;
0x03AC	0x1606      	BSF        PORTB, 4
;Traffic_Light.c,80 :: 		first_right_7seg=on;
0x03AD	0x1286      	BCF        PORTB, 5
;Traffic_Light.c,81 :: 		second_left_7seg=off;
0x03AE	0x1706      	BSF        PORTB, 6
;Traffic_Light.c,82 :: 		second_right_7seg=off;
0x03AF	0x1786      	BSF        PORTB, 7
;Traffic_Light.c,83 :: 		portc=Right_Number;
0x03B0	0x0824      	MOVF       _Right_Number, 0
0x03B1	0x0087      	MOVWF      PORTC
;Traffic_Light.c,84 :: 		delay_ms(delay);
0x03B2	0x300D      	MOVLW      13
0x03B3	0x00FC      	MOVWF      R12
0x03B4	0x30FB      	MOVLW      251
0x03B5	0x00FD      	MOVWF      R13
L_Manual16:
0x03B6	0x0BFD      	DECFSZ     R13, 1
0x03B7	0x2BB6      	GOTO       L_Manual16
0x03B8	0x0BFC      	DECFSZ     R12, 1
0x03B9	0x2BB6      	GOTO       L_Manual16
0x03BA	0x0000      	NOP
0x03BB	0x0000      	NOP
;Traffic_Light.c,86 :: 		first_left_7seg=off;
0x03BC	0x1606      	BSF        PORTB, 4
;Traffic_Light.c,87 :: 		first_right_7seg=off;
0x03BD	0x1686      	BSF        PORTB, 5
;Traffic_Light.c,88 :: 		second_left_7seg=on;
0x03BE	0x1306      	BCF        PORTB, 6
;Traffic_Light.c,89 :: 		second_right_7seg=off;
0x03BF	0x1786      	BSF        PORTB, 7
;Traffic_Light.c,90 :: 		portc=Left_Number2;
0x03C0	0x0827      	MOVF       _Left_Number2, 0
0x03C1	0x0087      	MOVWF      PORTC
;Traffic_Light.c,91 :: 		delay_ms(delay);
0x03C2	0x300D      	MOVLW      13
0x03C3	0x00FC      	MOVWF      R12
0x03C4	0x30FB      	MOVLW      251
0x03C5	0x00FD      	MOVWF      R13
L_Manual17:
0x03C6	0x0BFD      	DECFSZ     R13, 1
0x03C7	0x2BC6      	GOTO       L_Manual17
0x03C8	0x0BFC      	DECFSZ     R12, 1
0x03C9	0x2BC6      	GOTO       L_Manual17
0x03CA	0x0000      	NOP
0x03CB	0x0000      	NOP
;Traffic_Light.c,93 :: 		first_left_7seg=off;
0x03CC	0x1606      	BSF        PORTB, 4
;Traffic_Light.c,94 :: 		first_right_7seg=off;
0x03CD	0x1686      	BSF        PORTB, 5
;Traffic_Light.c,95 :: 		second_left_7seg=off;
0x03CE	0x1706      	BSF        PORTB, 6
;Traffic_Light.c,96 :: 		second_right_7seg=on;
0x03CF	0x1386      	BCF        PORTB, 7
;Traffic_Light.c,97 :: 		portc=Right_Number2;
0x03D0	0x0828      	MOVF       _Right_Number2, 0
0x03D1	0x0087      	MOVWF      PORTC
;Traffic_Light.c,98 :: 		delay_ms(delay);
0x03D2	0x300D      	MOVLW      13
0x03D3	0x00FC      	MOVWF      R12
0x03D4	0x30FB      	MOVLW      251
0x03D5	0x00FD      	MOVWF      R13
L_Manual18:
0x03D6	0x0BFD      	DECFSZ     R13, 1
0x03D7	0x2BD6      	GOTO       L_Manual18
0x03D8	0x0BFC      	DECFSZ     R12, 1
0x03D9	0x2BD6      	GOTO       L_Manual18
0x03DA	0x0000      	NOP
0x03DB	0x0000      	NOP
;Traffic_Light.c,67 :: 		for(j=0;j<40;++j){
0x03DC	0x0AA9      	INCF       _j, 1
;Traffic_Light.c,99 :: 		}
0x03DD	0x2B90      	GOTO       L_Manual11
L_Manual12:
;Traffic_Light.c,54 :: 		for(i=20;i>=0;i--){
0x03DE	0x03A2      	DECF       _i, 1
;Traffic_Light.c,100 :: 		}
0x03DF	0x2B4E      	GOTO       L_Manual7
L_Manual8:
;Traffic_Light.c,101 :: 		case(1):
L_Manual19:
;Traffic_Light.c,102 :: 		WEST_YELLOW=1;
0x03E0	0x1608      	BSF        PORTD, 4
;Traffic_Light.c,103 :: 		WEST_GREEN=0;
0x03E1	0x1288      	BCF        PORTD, 5
;Traffic_Light.c,105 :: 		for(i=3;i>=0;i--){
0x03E2	0x3003      	MOVLW      3
0x03E3	0x00A2      	MOVWF      _i
L_Manual20:
0x03E4	0x3080      	MOVLW      128
0x03E5	0x0622      	XORWF      _i, 0
0x03E6	0x00F0      	MOVWF      R0
0x03E7	0x3080      	MOVLW      128
0x03E8	0x3A00      	XORLW      0
0x03E9	0x0270      	SUBWF      R0, 0
0x03EA	0x1C03      	BTFSS      STATUS, 0
0x03EB	0x2C4F      	GOTO       L_Manual21
;Traffic_Light.c,106 :: 		Left_Number= (i)/10;
0x03EC	0x300A      	MOVLW      10
0x03ED	0x00F4      	MOVWF      R4
0x03EE	0x0822      	MOVF       _i, 0
0x03EF	0x00F0      	MOVWF      R0
0x03F0	0x2042      	CALL       _Div_8X8_S
0x03F1	0x0870      	MOVF       R0, 0
0x03F2	0x00AC      	MOVWF      FLOC__Manual
0x03F3	0x082C      	MOVF       FLOC__Manual, 0
0x03F4	0x00A3      	MOVWF      _Left_Number
;Traffic_Light.c,107 :: 		Right_Number=(i)%10;
0x03F5	0x300A      	MOVLW      10
0x03F6	0x00F4      	MOVWF      R4
0x03F7	0x0822      	MOVF       _i, 0
0x03F8	0x00F0      	MOVWF      R0
0x03F9	0x2042      	CALL       _Div_8X8_S
0x03FA	0x0878      	MOVF       R8, 0
0x03FB	0x00F0      	MOVWF      R0
0x03FC	0x0870      	MOVF       R0, 0
0x03FD	0x00A4      	MOVWF      _Right_Number
;Traffic_Light.c,108 :: 		Left_Number2=(i)/10;
0x03FE	0x082C      	MOVF       FLOC__Manual, 0
0x03FF	0x00A7      	MOVWF      _Left_Number2
;Traffic_Light.c,109 :: 		Right_Number2=(i)%10;
0x0400	0x0870      	MOVF       R0, 0
0x0401	0x00A8      	MOVWF      _Right_Number2
;Traffic_Light.c,111 :: 		for(j=0;j<40;++j){
0x0402	0x01A9      	CLRF       _j
L_Manual23:
0x0403	0x3080      	MOVLW      128
0x0404	0x0629      	XORWF      _j, 0
0x0405	0x00F0      	MOVWF      R0
0x0406	0x3080      	MOVLW      128
0x0407	0x3A28      	XORLW      40
0x0408	0x0270      	SUBWF      R0, 0
0x0409	0x1803      	BTFSC      STATUS, 0
0x040A	0x2C4D      	GOTO       L_Manual24
;Traffic_Light.c,113 :: 		first_left_7seg=on;
0x040B	0x1206      	BCF        PORTB, 4
;Traffic_Light.c,114 :: 		first_right_7seg=off;
0x040C	0x1686      	BSF        PORTB, 5
;Traffic_Light.c,115 :: 		second_left_7seg=off;
0x040D	0x1706      	BSF        PORTB, 6
;Traffic_Light.c,116 :: 		second_right_7seg=off;
0x040E	0x1786      	BSF        PORTB, 7
;Traffic_Light.c,117 :: 		portc=Left_Number;
0x040F	0x0823      	MOVF       _Left_Number, 0
0x0410	0x0087      	MOVWF      PORTC
;Traffic_Light.c,118 :: 		delay_ms(delay);
0x0411	0x300D      	MOVLW      13
0x0412	0x00FC      	MOVWF      R12
0x0413	0x30FB      	MOVLW      251
0x0414	0x00FD      	MOVWF      R13
L_Manual26:
0x0415	0x0BFD      	DECFSZ     R13, 1
0x0416	0x2C15      	GOTO       L_Manual26
0x0417	0x0BFC      	DECFSZ     R12, 1
0x0418	0x2C15      	GOTO       L_Manual26
0x0419	0x0000      	NOP
0x041A	0x0000      	NOP
;Traffic_Light.c,120 :: 		first_left_7seg=off;
0x041B	0x1606      	BSF        PORTB, 4
;Traffic_Light.c,121 :: 		first_right_7seg=on;
0x041C	0x1286      	BCF        PORTB, 5
;Traffic_Light.c,122 :: 		second_left_7seg=off;
0x041D	0x1706      	BSF        PORTB, 6
;Traffic_Light.c,123 :: 		second_right_7seg=off;
0x041E	0x1786      	BSF        PORTB, 7
;Traffic_Light.c,124 :: 		portc=Right_Number;
0x041F	0x0824      	MOVF       _Right_Number, 0
0x0420	0x0087      	MOVWF      PORTC
;Traffic_Light.c,125 :: 		delay_ms(delay);
0x0421	0x300D      	MOVLW      13
0x0422	0x00FC      	MOVWF      R12
0x0423	0x30FB      	MOVLW      251
0x0424	0x00FD      	MOVWF      R13
L_Manual27:
0x0425	0x0BFD      	DECFSZ     R13, 1
0x0426	0x2C25      	GOTO       L_Manual27
0x0427	0x0BFC      	DECFSZ     R12, 1
0x0428	0x2C25      	GOTO       L_Manual27
0x0429	0x0000      	NOP
0x042A	0x0000      	NOP
;Traffic_Light.c,127 :: 		first_left_7seg=off;
0x042B	0x1606      	BSF        PORTB, 4
;Traffic_Light.c,128 :: 		first_right_7seg=off;
0x042C	0x1686      	BSF        PORTB, 5
;Traffic_Light.c,129 :: 		second_left_7seg=on;
0x042D	0x1306      	BCF        PORTB, 6
;Traffic_Light.c,130 :: 		second_right_7seg=off;
0x042E	0x1786      	BSF        PORTB, 7
;Traffic_Light.c,131 :: 		portc=Left_Number2;
0x042F	0x0827      	MOVF       _Left_Number2, 0
0x0430	0x0087      	MOVWF      PORTC
;Traffic_Light.c,132 :: 		delay_ms(delay);
0x0431	0x300D      	MOVLW      13
0x0432	0x00FC      	MOVWF      R12
0x0433	0x30FB      	MOVLW      251
0x0434	0x00FD      	MOVWF      R13
L_Manual28:
0x0435	0x0BFD      	DECFSZ     R13, 1
0x0436	0x2C35      	GOTO       L_Manual28
0x0437	0x0BFC      	DECFSZ     R12, 1
0x0438	0x2C35      	GOTO       L_Manual28
0x0439	0x0000      	NOP
0x043A	0x0000      	NOP
;Traffic_Light.c,134 :: 		first_left_7seg=off;
0x043B	0x1606      	BSF        PORTB, 4
;Traffic_Light.c,135 :: 		first_right_7seg=off;
0x043C	0x1686      	BSF        PORTB, 5
;Traffic_Light.c,136 :: 		second_left_7seg=off;
0x043D	0x1706      	BSF        PORTB, 6
;Traffic_Light.c,137 :: 		second_right_7seg=on;
0x043E	0x1386      	BCF        PORTB, 7
;Traffic_Light.c,138 :: 		portc=Right_Number2;
0x043F	0x0828      	MOVF       _Right_Number2, 0
0x0440	0x0087      	MOVWF      PORTC
;Traffic_Light.c,139 :: 		delay_ms(delay);
0x0441	0x300D      	MOVLW      13
0x0442	0x00FC      	MOVWF      R12
0x0443	0x30FB      	MOVLW      251
0x0444	0x00FD      	MOVWF      R13
L_Manual29:
0x0445	0x0BFD      	DECFSZ     R13, 1
0x0446	0x2C45      	GOTO       L_Manual29
0x0447	0x0BFC      	DECFSZ     R12, 1
0x0448	0x2C45      	GOTO       L_Manual29
0x0449	0x0000      	NOP
0x044A	0x0000      	NOP
;Traffic_Light.c,111 :: 		for(j=0;j<40;++j){
0x044B	0x0AA9      	INCF       _j, 1
;Traffic_Light.c,140 :: 		}
0x044C	0x2C03      	GOTO       L_Manual23
L_Manual24:
;Traffic_Light.c,105 :: 		for(i=3;i>=0;i--){
0x044D	0x03A2      	DECF       _i, 1
;Traffic_Light.c,141 :: 		}
0x044E	0x2BE4      	GOTO       L_Manual20
L_Manual21:
;Traffic_Light.c,142 :: 		case(2):
L_Manual30:
;Traffic_Light.c,143 :: 		if(manual==0){
0x044F	0x1886      	BTFSC      PORTB, 1
0x0450	0x2C53      	GOTO       L_Manual31
;Traffic_Light.c,144 :: 		counter++;
0x0451	0x0AA0      	INCF       _counter, 1
;Traffic_Light.c,145 :: 		break;
0x0452	0x2D69      	GOTO       L_Manual4
;Traffic_Light.c,146 :: 		}
L_Manual31:
;Traffic_Light.c,147 :: 		WEST_YELLOW=0;
0x0453	0x1208      	BCF        PORTD, 4
;Traffic_Light.c,148 :: 		SOUTH_RED=0;
0x0454	0x1008      	BCF        PORTD, 0
;Traffic_Light.c,149 :: 		WEST_RED=1;
0x0455	0x1588      	BSF        PORTD, 3
;Traffic_Light.c,150 :: 		SOUTH_GREEN=1;
0x0456	0x1508      	BSF        PORTD, 2
;Traffic_Light.c,151 :: 		for(i=12;i>=0;i--){
0x0457	0x300C      	MOVLW      12
0x0458	0x00A2      	MOVWF      _i
L_Manual32:
0x0459	0x3080      	MOVLW      128
0x045A	0x0622      	XORWF      _i, 0
0x045B	0x00F0      	MOVWF      R0
0x045C	0x3080      	MOVLW      128
0x045D	0x3A00      	XORLW      0
0x045E	0x0270      	SUBWF      R0, 0
0x045F	0x1C03      	BTFSS      STATUS, 0
0x0460	0x2CE9      	GOTO       L_Manual33
;Traffic_Light.c,152 :: 		if(manual==0){
0x0461	0x1886      	BTFSC      PORTB, 1
0x0462	0x2C65      	GOTO       L_Manual35
;Traffic_Light.c,153 :: 		counter++;
0x0463	0x0AA0      	INCF       _counter, 1
;Traffic_Light.c,154 :: 		break;
0x0464	0x2CE9      	GOTO       L_Manual33
;Traffic_Light.c,155 :: 		}
L_Manual35:
;Traffic_Light.c,157 :: 		Left_Number= (i)/10;
0x0465	0x300A      	MOVLW      10
0x0466	0x00F4      	MOVWF      R4
0x0467	0x0822      	MOVF       _i, 0
0x0468	0x00F0      	MOVWF      R0
0x0469	0x2042      	CALL       _Div_8X8_S
0x046A	0x0870      	MOVF       R0, 0
0x046B	0x00A3      	MOVWF      _Left_Number
;Traffic_Light.c,158 :: 		Right_Number=(i)%10;
0x046C	0x300A      	MOVLW      10
0x046D	0x00F4      	MOVWF      R4
0x046E	0x0822      	MOVF       _i, 0
0x046F	0x00F0      	MOVWF      R0
0x0470	0x2042      	CALL       _Div_8X8_S
0x0471	0x0878      	MOVF       R8, 0
0x0472	0x00F0      	MOVWF      R0
0x0473	0x0870      	MOVF       R0, 0
0x0474	0x00A4      	MOVWF      _Right_Number
;Traffic_Light.c,159 :: 		Left_Number2=(i+3)/10;
0x0475	0x3003      	MOVLW      3
0x0476	0x0722      	ADDWF      _i, 0
0x0477	0x00AC      	MOVWF      FLOC__Manual
0x0478	0x3000      	MOVLW      0
0x0479	0x1BA2      	BTFSC      _i, 7
0x047A	0x30FF      	MOVLW      255
0x047B	0x00AD      	MOVWF      FLOC__Manual+1
0x047C	0x1803      	BTFSC      STATUS, 0
0x047D	0x0AAD      	INCF       FLOC__Manual+1, 1
0x047E	0x300A      	MOVLW      10
0x047F	0x00F4      	MOVWF      R4
0x0480	0x3000      	MOVLW      0
0x0481	0x00F5      	MOVWF      R4+1
0x0482	0x082C      	MOVF       FLOC__Manual, 0
0x0483	0x00F0      	MOVWF      R0
0x0484	0x082D      	MOVF       FLOC__Manual+1, 0
0x0485	0x00F1      	MOVWF      R0+1
0x0486	0x209A      	CALL       _Div_16x16_S
0x0487	0x0870      	MOVF       R0, 0
0x0488	0x00A7      	MOVWF      _Left_Number2
;Traffic_Light.c,160 :: 		Right_Number2=(i+3)%10;
0x0489	0x300A      	MOVLW      10
0x048A	0x00F4      	MOVWF      R4
0x048B	0x3000      	MOVLW      0
0x048C	0x00F5      	MOVWF      R4+1
0x048D	0x082C      	MOVF       FLOC__Manual, 0
0x048E	0x00F0      	MOVWF      R0
0x048F	0x082D      	MOVF       FLOC__Manual+1, 0
0x0490	0x00F1      	MOVWF      R0+1
0x0491	0x209A      	CALL       _Div_16x16_S
0x0492	0x0878      	MOVF       R8, 0
0x0493	0x00F0      	MOVWF      R0
0x0494	0x0879      	MOVF       R8+1, 0
0x0495	0x00F1      	MOVWF      R0+1
0x0496	0x0870      	MOVF       R0, 0
0x0497	0x00A8      	MOVWF      _Right_Number2
;Traffic_Light.c,162 :: 		for(j=0;j<40;++j){
0x0498	0x01A9      	CLRF       _j
L_Manual36:
0x0499	0x3080      	MOVLW      128
0x049A	0x0629      	XORWF      _j, 0
0x049B	0x00F0      	MOVWF      R0
0x049C	0x3080      	MOVLW      128
0x049D	0x3A28      	XORLW      40
0x049E	0x0270      	SUBWF      R0, 0
0x049F	0x1803      	BTFSC      STATUS, 0
0x04A0	0x2CE7      	GOTO       L_Manual37
;Traffic_Light.c,163 :: 		if(manual==0){
0x04A1	0x1886      	BTFSC      PORTB, 1
0x04A2	0x2CA5      	GOTO       L_Manual39
;Traffic_Light.c,164 :: 		counter++;
0x04A3	0x0AA0      	INCF       _counter, 1
;Traffic_Light.c,165 :: 		break;
0x04A4	0x2CE7      	GOTO       L_Manual37
;Traffic_Light.c,166 :: 		}
L_Manual39:
;Traffic_Light.c,168 :: 		first_left_7seg=on;
0x04A5	0x1206      	BCF        PORTB, 4
;Traffic_Light.c,169 :: 		first_right_7seg=off;
0x04A6	0x1686      	BSF        PORTB, 5
;Traffic_Light.c,170 :: 		second_left_7seg=off;
0x04A7	0x1706      	BSF        PORTB, 6
;Traffic_Light.c,171 :: 		second_right_7seg=off;
0x04A8	0x1786      	BSF        PORTB, 7
;Traffic_Light.c,172 :: 		portc=Left_Number;
0x04A9	0x0823      	MOVF       _Left_Number, 0
0x04AA	0x0087      	MOVWF      PORTC
;Traffic_Light.c,173 :: 		delay_ms(delay);
0x04AB	0x300D      	MOVLW      13
0x04AC	0x00FC      	MOVWF      R12
0x04AD	0x30FB      	MOVLW      251
0x04AE	0x00FD      	MOVWF      R13
L_Manual40:
0x04AF	0x0BFD      	DECFSZ     R13, 1
0x04B0	0x2CAF      	GOTO       L_Manual40
0x04B1	0x0BFC      	DECFSZ     R12, 1
0x04B2	0x2CAF      	GOTO       L_Manual40
0x04B3	0x0000      	NOP
0x04B4	0x0000      	NOP
;Traffic_Light.c,175 :: 		first_left_7seg=off;
0x04B5	0x1606      	BSF        PORTB, 4
;Traffic_Light.c,176 :: 		first_right_7seg=on;
0x04B6	0x1286      	BCF        PORTB, 5
;Traffic_Light.c,177 :: 		second_left_7seg=off;
0x04B7	0x1706      	BSF        PORTB, 6
;Traffic_Light.c,178 :: 		second_right_7seg=off;
0x04B8	0x1786      	BSF        PORTB, 7
;Traffic_Light.c,179 :: 		portc=Right_Number;
0x04B9	0x0824      	MOVF       _Right_Number, 0
0x04BA	0x0087      	MOVWF      PORTC
;Traffic_Light.c,180 :: 		delay_ms(delay);
0x04BB	0x300D      	MOVLW      13
0x04BC	0x00FC      	MOVWF      R12
0x04BD	0x30FB      	MOVLW      251
0x04BE	0x00FD      	MOVWF      R13
L_Manual41:
0x04BF	0x0BFD      	DECFSZ     R13, 1
0x04C0	0x2CBF      	GOTO       L_Manual41
0x04C1	0x0BFC      	DECFSZ     R12, 1
0x04C2	0x2CBF      	GOTO       L_Manual41
0x04C3	0x0000      	NOP
0x04C4	0x0000      	NOP
;Traffic_Light.c,182 :: 		first_left_7seg=off;
0x04C5	0x1606      	BSF        PORTB, 4
;Traffic_Light.c,183 :: 		first_right_7seg=off;
0x04C6	0x1686      	BSF        PORTB, 5
;Traffic_Light.c,184 :: 		second_left_7seg=on;
0x04C7	0x1306      	BCF        PORTB, 6
;Traffic_Light.c,185 :: 		second_right_7seg=off;
0x04C8	0x1786      	BSF        PORTB, 7
;Traffic_Light.c,186 :: 		portc=Left_Number2;
0x04C9	0x0827      	MOVF       _Left_Number2, 0
0x04CA	0x0087      	MOVWF      PORTC
;Traffic_Light.c,187 :: 		delay_ms(delay);
0x04CB	0x300D      	MOVLW      13
0x04CC	0x00FC      	MOVWF      R12
0x04CD	0x30FB      	MOVLW      251
0x04CE	0x00FD      	MOVWF      R13
L_Manual42:
0x04CF	0x0BFD      	DECFSZ     R13, 1
0x04D0	0x2CCF      	GOTO       L_Manual42
0x04D1	0x0BFC      	DECFSZ     R12, 1
0x04D2	0x2CCF      	GOTO       L_Manual42
0x04D3	0x0000      	NOP
0x04D4	0x0000      	NOP
;Traffic_Light.c,189 :: 		first_left_7seg=off;
0x04D5	0x1606      	BSF        PORTB, 4
;Traffic_Light.c,190 :: 		first_right_7seg=off;
0x04D6	0x1686      	BSF        PORTB, 5
;Traffic_Light.c,191 :: 		second_left_7seg=off;
0x04D7	0x1706      	BSF        PORTB, 6
;Traffic_Light.c,192 :: 		second_right_7seg=on;
0x04D8	0x1386      	BCF        PORTB, 7
;Traffic_Light.c,193 :: 		portc=Right_Number2;
0x04D9	0x0828      	MOVF       _Right_Number2, 0
0x04DA	0x0087      	MOVWF      PORTC
;Traffic_Light.c,194 :: 		delay_ms(delay);
0x04DB	0x300D      	MOVLW      13
0x04DC	0x00FC      	MOVWF      R12
0x04DD	0x30FB      	MOVLW      251
0x04DE	0x00FD      	MOVWF      R13
L_Manual43:
0x04DF	0x0BFD      	DECFSZ     R13, 1
0x04E0	0x2CDF      	GOTO       L_Manual43
0x04E1	0x0BFC      	DECFSZ     R12, 1
0x04E2	0x2CDF      	GOTO       L_Manual43
0x04E3	0x0000      	NOP
0x04E4	0x0000      	NOP
;Traffic_Light.c,162 :: 		for(j=0;j<40;++j){
0x04E5	0x0AA9      	INCF       _j, 1
;Traffic_Light.c,195 :: 		}
0x04E6	0x2C99      	GOTO       L_Manual36
L_Manual37:
;Traffic_Light.c,151 :: 		for(i=12;i>=0;i--){
0x04E7	0x03A2      	DECF       _i, 1
;Traffic_Light.c,196 :: 		}
0x04E8	0x2C59      	GOTO       L_Manual32
L_Manual33:
;Traffic_Light.c,197 :: 		case(3):
L_Manual44:
;Traffic_Light.c,198 :: 		SOUTH_GREEN=0;
0x04E9	0x1108      	BCF        PORTD, 2
;Traffic_Light.c,199 :: 		SOUTH_YELLOW=1;
0x04EA	0x1488      	BSF        PORTD, 1
;Traffic_Light.c,201 :: 		for(i=3;i>=0;i--){
0x04EB	0x3003      	MOVLW      3
0x04EC	0x00A2      	MOVWF      _i
L_Manual45:
0x04ED	0x3080      	MOVLW      128
0x04EE	0x0622      	XORWF      _i, 0
0x04EF	0x00F0      	MOVWF      R0
0x04F0	0x3080      	MOVLW      128
0x04F1	0x3A00      	XORLW      0
0x04F2	0x0270      	SUBWF      R0, 0
0x04F3	0x1C03      	BTFSS      STATUS, 0
0x04F4	0x2D58      	GOTO       L_Manual46
;Traffic_Light.c,202 :: 		Left_Number= (i)/10;
0x04F5	0x300A      	MOVLW      10
0x04F6	0x00F4      	MOVWF      R4
0x04F7	0x0822      	MOVF       _i, 0
0x04F8	0x00F0      	MOVWF      R0
0x04F9	0x2042      	CALL       _Div_8X8_S
0x04FA	0x0870      	MOVF       R0, 0
0x04FB	0x00AC      	MOVWF      FLOC__Manual
0x04FC	0x082C      	MOVF       FLOC__Manual, 0
0x04FD	0x00A3      	MOVWF      _Left_Number
;Traffic_Light.c,203 :: 		Right_Number=(i)%10;
0x04FE	0x300A      	MOVLW      10
0x04FF	0x00F4      	MOVWF      R4
0x0500	0x0822      	MOVF       _i, 0
0x0501	0x00F0      	MOVWF      R0
0x0502	0x2042      	CALL       _Div_8X8_S
0x0503	0x0878      	MOVF       R8, 0
0x0504	0x00F0      	MOVWF      R0
0x0505	0x0870      	MOVF       R0, 0
0x0506	0x00A4      	MOVWF      _Right_Number
;Traffic_Light.c,204 :: 		Left_Number2=(i)/10;
0x0507	0x082C      	MOVF       FLOC__Manual, 0
0x0508	0x00A7      	MOVWF      _Left_Number2
;Traffic_Light.c,205 :: 		Right_Number2=(i)%10;
0x0509	0x0870      	MOVF       R0, 0
0x050A	0x00A8      	MOVWF      _Right_Number2
;Traffic_Light.c,207 :: 		for(j=0;j<40;++j){
0x050B	0x01A9      	CLRF       _j
L_Manual48:
0x050C	0x3080      	MOVLW      128
0x050D	0x0629      	XORWF      _j, 0
0x050E	0x00F0      	MOVWF      R0
0x050F	0x3080      	MOVLW      128
0x0510	0x3A28      	XORLW      40
0x0511	0x0270      	SUBWF      R0, 0
0x0512	0x1803      	BTFSC      STATUS, 0
0x0513	0x2D56      	GOTO       L_Manual49
;Traffic_Light.c,209 :: 		first_left_7seg=on;
0x0514	0x1206      	BCF        PORTB, 4
;Traffic_Light.c,210 :: 		first_right_7seg=off;
0x0515	0x1686      	BSF        PORTB, 5
;Traffic_Light.c,211 :: 		second_left_7seg=off;
0x0516	0x1706      	BSF        PORTB, 6
;Traffic_Light.c,212 :: 		second_right_7seg=off;
0x0517	0x1786      	BSF        PORTB, 7
;Traffic_Light.c,213 :: 		portc=Left_Number;
0x0518	0x0823      	MOVF       _Left_Number, 0
0x0519	0x0087      	MOVWF      PORTC
;Traffic_Light.c,214 :: 		delay_ms(delay);
0x051A	0x300D      	MOVLW      13
0x051B	0x00FC      	MOVWF      R12
0x051C	0x30FB      	MOVLW      251
0x051D	0x00FD      	MOVWF      R13
L_Manual51:
0x051E	0x0BFD      	DECFSZ     R13, 1
0x051F	0x2D1E      	GOTO       L_Manual51
0x0520	0x0BFC      	DECFSZ     R12, 1
0x0521	0x2D1E      	GOTO       L_Manual51
0x0522	0x0000      	NOP
0x0523	0x0000      	NOP
;Traffic_Light.c,216 :: 		first_left_7seg=off;
0x0524	0x1606      	BSF        PORTB, 4
;Traffic_Light.c,217 :: 		first_right_7seg=on;
0x0525	0x1286      	BCF        PORTB, 5
;Traffic_Light.c,218 :: 		second_left_7seg=off;
0x0526	0x1706      	BSF        PORTB, 6
;Traffic_Light.c,219 :: 		second_right_7seg=off;
0x0527	0x1786      	BSF        PORTB, 7
;Traffic_Light.c,220 :: 		portc=Right_Number;
0x0528	0x0824      	MOVF       _Right_Number, 0
0x0529	0x0087      	MOVWF      PORTC
;Traffic_Light.c,221 :: 		delay_ms(delay);
0x052A	0x300D      	MOVLW      13
0x052B	0x00FC      	MOVWF      R12
0x052C	0x30FB      	MOVLW      251
0x052D	0x00FD      	MOVWF      R13
L_Manual52:
0x052E	0x0BFD      	DECFSZ     R13, 1
0x052F	0x2D2E      	GOTO       L_Manual52
0x0530	0x0BFC      	DECFSZ     R12, 1
0x0531	0x2D2E      	GOTO       L_Manual52
0x0532	0x0000      	NOP
0x0533	0x0000      	NOP
;Traffic_Light.c,223 :: 		first_left_7seg=off;
0x0534	0x1606      	BSF        PORTB, 4
;Traffic_Light.c,224 :: 		first_right_7seg=off;
0x0535	0x1686      	BSF        PORTB, 5
;Traffic_Light.c,225 :: 		second_left_7seg=on;
0x0536	0x1306      	BCF        PORTB, 6
;Traffic_Light.c,226 :: 		second_right_7seg=off;
0x0537	0x1786      	BSF        PORTB, 7
;Traffic_Light.c,227 :: 		portc=Left_Number2;
0x0538	0x0827      	MOVF       _Left_Number2, 0
0x0539	0x0087      	MOVWF      PORTC
;Traffic_Light.c,228 :: 		delay_ms(delay);
0x053A	0x300D      	MOVLW      13
0x053B	0x00FC      	MOVWF      R12
0x053C	0x30FB      	MOVLW      251
0x053D	0x00FD      	MOVWF      R13
L_Manual53:
0x053E	0x0BFD      	DECFSZ     R13, 1
0x053F	0x2D3E      	GOTO       L_Manual53
0x0540	0x0BFC      	DECFSZ     R12, 1
0x0541	0x2D3E      	GOTO       L_Manual53
0x0542	0x0000      	NOP
0x0543	0x0000      	NOP
;Traffic_Light.c,230 :: 		first_left_7seg=off;
0x0544	0x1606      	BSF        PORTB, 4
;Traffic_Light.c,231 :: 		first_right_7seg=off;
0x0545	0x1686      	BSF        PORTB, 5
;Traffic_Light.c,232 :: 		second_left_7seg=off;
0x0546	0x1706      	BSF        PORTB, 6
;Traffic_Light.c,233 :: 		second_right_7seg=on;
0x0547	0x1386      	BCF        PORTB, 7
;Traffic_Light.c,234 :: 		portc=Right_Number2;
0x0548	0x0828      	MOVF       _Right_Number2, 0
0x0549	0x0087      	MOVWF      PORTC
;Traffic_Light.c,235 :: 		delay_ms(delay);
0x054A	0x300D      	MOVLW      13
0x054B	0x00FC      	MOVWF      R12
0x054C	0x30FB      	MOVLW      251
0x054D	0x00FD      	MOVWF      R13
L_Manual54:
0x054E	0x0BFD      	DECFSZ     R13, 1
0x054F	0x2D4E      	GOTO       L_Manual54
0x0550	0x0BFC      	DECFSZ     R12, 1
0x0551	0x2D4E      	GOTO       L_Manual54
0x0552	0x0000      	NOP
0x0553	0x0000      	NOP
;Traffic_Light.c,207 :: 		for(j=0;j<40;++j){
0x0554	0x0AA9      	INCF       _j, 1
;Traffic_Light.c,236 :: 		}
0x0555	0x2D0C      	GOTO       L_Manual48
L_Manual49:
;Traffic_Light.c,201 :: 		for(i=3;i>=0;i--){
0x0556	0x03A2      	DECF       _i, 1
;Traffic_Light.c,237 :: 		}
0x0557	0x2CED      	GOTO       L_Manual45
L_Manual46:
;Traffic_Light.c,238 :: 		break;
0x0558	0x2D69      	GOTO       L_Manual4
;Traffic_Light.c,240 :: 		}
L_Manual3:
0x0559	0x0820      	MOVF       _counter, 0
0x055A	0x3A00      	XORLW      0
0x055B	0x1903      	BTFSC      STATUS, 2
0x055C	0x2B42      	GOTO       L_Manual5
0x055D	0x0820      	MOVF       _counter, 0
0x055E	0x3A01      	XORLW      1
0x055F	0x1903      	BTFSC      STATUS, 2
0x0560	0x2BE0      	GOTO       L_Manual19
0x0561	0x0820      	MOVF       _counter, 0
0x0562	0x3A02      	XORLW      2
0x0563	0x1903      	BTFSC      STATUS, 2
0x0564	0x2C4F      	GOTO       L_Manual30
0x0565	0x0820      	MOVF       _counter, 0
0x0566	0x3A03      	XORLW      3
0x0567	0x1903      	BTFSC      STATUS, 2
0x0568	0x2CE9      	GOTO       L_Manual44
L_Manual4:
;Traffic_Light.c,241 :: 		}
L_end_Manual:
0x0569	0x0008      	RETURN
; end of _Manual
___CC2DW:
;__Lib_System.c,134 :: 		
;__Lib_System.c,137 :: 		
_CC2D_Loop1:
;__Lib_System.c,139 :: 		
0x056A	0x2093      	CALL       _____DoICP
0x056B	0x118A      	BCF        PCLATH, 3
0x056C	0x120A      	BCF        PCLATH, 4
;__Lib_System.c,141 :: 		
0x056D	0x0080      	MOVWF      INDF
;__Lib_System.c,142 :: 		
0x056E	0x0A84      	INCF       FSR, 1
;__Lib_System.c,143 :: 		
0x056F	0x0AA5      	INCF       ___DoICPAddr, 1
;__Lib_System.c,145 :: 		
0x0570	0x1903      	BTFSC      STATUS, 2
;__Lib_System.c,146 :: 		
0x0571	0x0AA6      	INCF       ___DoICPAddr+1, 1
;__Lib_System.c,147 :: 		
0x0572	0x03F0      	DECF       R0, 1
;__Lib_System.c,149 :: 		
0x0573	0x1D03      	BTFSS      STATUS, 2
;__Lib_System.c,150 :: 		
0x0574	0x2D6A      	GOTO       _CC2D_Loop1
;__Lib_System.c,152 :: 		
L_end___CC2DW:
0x0575	0x0008      	RETURN
; end of ___CC2DW
_main:
0x0576	0x1283      	BCF        STATUS, 5
0x0577	0x1303      	BCF        STATUS, 6
0x0578	0x01A0      	CLRF       _counter
0x0579	0x01A1      	CLRF       _counter2
;Traffic_Light.c,413 :: 		void main(){
;Traffic_Light.c,414 :: 		trisc=0;           // Set portc as output
0x057A	0x1683      	BSF        STATUS, 5
0x057B	0x0187      	CLRF       TRISC
;Traffic_Light.c,415 :: 		trisd=0;           // Set portd as output
0x057C	0x0188      	CLRF       TRISD
;Traffic_Light.c,416 :: 		trisb=0b00000011;  // Set the first two pin(B0,B1)as input and the other as output
0x057D	0x3003      	MOVLW      3
0x057E	0x0086      	MOVWF      TRISB
;Traffic_Light.c,418 :: 		portd=0;           // Intialize portd off
0x057F	0x1283      	BCF        STATUS, 5
0x0580	0x0188      	CLRF       PORTD
;Traffic_Light.c,419 :: 		portc=0;           // Intialize portc off
0x0581	0x0187      	CLRF       PORTC
;Traffic_Light.c,420 :: 		portb=0;           // Intialize portb off
0x0582	0x0186      	CLRF       PORTB
;Traffic_Light.c,422 :: 		GIE_bit=1;         // Enable all unmasked interrupt
0x0583	0x178B      	BSF        GIE_bit, BitPos(GIE_bit+0)
;Traffic_Light.c,423 :: 		INTE_bit=1;        // Enable the internal interrupt
0x0584	0x160B      	BSF        INTE_bit, BitPos(INTE_bit+0)
;Traffic_Light.c,424 :: 		INTEDG_bit=0;      // Make the interrupt on falling edge
0x0585	0x1683      	BSF        STATUS, 5
0x0586	0x1301      	BCF        INTEDG_bit, BitPos(INTEDG_bit+0)
;Traffic_Light.c,425 :: 		NOT_RBPU_bit=0;    // Portb pullup enabled
0x0587	0x1381      	BCF        NOT_RBPU_bit, BitPos(NOT_RBPU_bit+0)
;Traffic_Light.c,427 :: 		while(1){
L_main93:
;Traffic_Light.c,428 :: 		delay_ms( 300*delay ) ;
0x0588	0x3010      	MOVLW      16
0x0589	0x00FB      	MOVWF      R11
0x058A	0x3039      	MOVLW      57
0x058B	0x00FC      	MOVWF      R12
0x058C	0x300D      	MOVLW      13
0x058D	0x00FD      	MOVWF      R13
L_main95:
0x058E	0x0BFD      	DECFSZ     R13, 1
0x058F	0x2D8E      	GOTO       L_main95
0x0590	0x0BFC      	DECFSZ     R12, 1
0x0591	0x2D8E      	GOTO       L_main95
0x0592	0x0BFB      	DECFSZ     R11, 1
0x0593	0x2D8E      	GOTO       L_main95
0x0594	0x0000      	NOP
0x0595	0x0000      	NOP
;Traffic_Light.c,429 :: 		if( counter2%2==0 ){
0x0596	0x3002      	MOVLW      2
0x0597	0x00F4      	MOVWF      R4
0x0598	0x1283      	BCF        STATUS, 5
0x0599	0x0821      	MOVF       _counter2, 0
0x059A	0x00F0      	MOVWF      R0
0x059B	0x2042      	CALL       _Div_8X8_S
0x059C	0x0878      	MOVF       R8, 0
0x059D	0x00F0      	MOVWF      R0
0x059E	0x0870      	MOVF       R0, 0
0x059F	0x3A00      	XORLW      0
0x05A0	0x1D03      	BTFSS      STATUS, 2
0x05A1	0x2DA4      	GOTO       L_main96
;Traffic_Light.c,430 :: 		Automatic();
0x05A2	0x2103      	CALL       _Automatic
;Traffic_Light.c,431 :: 		}
0x05A3	0x2DA5      	GOTO       L_main97
L_main96:
;Traffic_Light.c,432 :: 		else Manual();
0x05A4	0x2333      	CALL       _Manual
L_main97:
;Traffic_Light.c,433 :: 		}
0x05A5	0x2D88      	GOTO       L_main93
;Traffic_Light.c,434 :: 		}
L_end_main:
0x05A6	0x2DA6      	GOTO       $+0
; end of _main
Symbol List:
//** Routines locations **
//ADDRESS    SIZE    PROCEDURE
//----------------------------------------------
0x0004      [18]    _interrupt
0x0016      [44]    _Div_16x16_S_L
0x0042      [81]    _Div_8X8_S
0x0093       [7]    _____DoICP
0x009A     [105]    _Div_16x16_S
0x0103     [560]    _Automatic
0x0333     [567]    _Manual
0x056A      [12]    ___CC2DW
0x0576      [49]    _main
//** Variables locations ** 
//ADDRESS    SIZE    VARIABLE
//----------------------------------------------
0x0000       [1]    INDF
0x0002       [1]    PCL
0x0003       [1]    STATUS
0x0004       [1]    FSR
0x0006       [1]    PORTB
0x0007       [1]    PORTC
0x0008       [1]    PORTD
0x000A       [1]    PCLATH
0x000B       [0]    INTE_bit
0x000B       [0]    INTF_bit
0x000B       [0]    GIE_bit
0x0020       [1]    _counter
0x0021       [1]    _counter2
0x0022       [1]    _i
0x0023       [1]    _Left_Number
0x0024       [1]    _Right_Number
0x0025       [2]    ___DoICPAddr
0x0027       [1]    _Left_Number2
0x0028       [1]    _Right_Number2
0x0029       [1]    _j
0x002A       [1]    ___savePCLATH
0x002B       [1]    ___saveSTATUS
0x002C       [2]    FLOC__Manual
0x002C       [4]    FLOC__Automatic
0x0070       [1]    R0
0x0071       [1]    R1
0x0072       [1]    R2
0x0073       [1]    R3
0x0074       [1]    R4
0x0075       [1]    R5
0x0076       [1]    R6
0x0077       [1]    R7
0x0078       [1]    R8
0x0079       [1]    R9
0x007A       [1]    R10
0x007B       [1]    R11
0x007C       [1]    R12
0x007D       [1]    R13
0x007E       [1]    R14
0x007F       [1]    R15
0x0081       [0]    INTEDG_bit
0x0081       [0]    NOT_RBPU_bit
0x0086       [1]    TRISB
0x0087       [1]    TRISC
0x0088       [1]    TRISD
